<?xml version="1.0" encoding="UTF-8"?>
<testsuite name="com.scdfdemo.scdfdemo.ScdfdemoApplicationTests" time="0.014" tests="1" errors="1" skipped="0" failures="0">
  <properties>
[...]
</properties>
  <testcase name="contextLoads" classname="com.scdfdemo.scdfdemo.ScdfdemoApplicationTests" time="0.014">
    <error message="Failed to load ApplicationContext" type="java.lang.IllegalStateException">java.lang.IllegalStateException: Failed to load ApplicationContext
	at org.springframework.test.context.cache.DefaultCacheAwareContextLoaderDelegate.loadContext(DefaultCacheAwareContextLoaderDelegate.java:124)
	at org.springframework.test.context.support.DefaultTestContext.getApplicationContext(DefaultTestContext.java:83)
	at org.springframework.test.context.web.ServletTestExecutionListener.setUpRequestContextIfNecessary(ServletTestExecutionListener.java:189)
	at org.springframework.test.context.web.ServletTestExecutionListener.prepareTestInstance(ServletTestExecutionListener.java:131)
	at org.springframework.test.context.TestContextManager.prepareTestInstance(TestContextManager.java:230)
	at org.springframework.test.context.junit4.SpringJUnit4ClassRunner.createTest(SpringJUnit4ClassRunner.java:228)
	at org.springframework.test.context.junit4.SpringJUnit4ClassRunner$1.runReflectiveCall(SpringJUnit4ClassRunner.java:287)
	at org.junit.internal.runners.model.ReflectiveCallable.run(ReflectiveCallable.java:12)
	at org.springframework.test.context.junit4.SpringJUnit4ClassRunner.methodBlock(SpringJUnit4ClassRunner.java:289)
	at org.springframework.test.context.junit4.SpringJUnit4ClassRunner.runChild(SpringJUnit4ClassRunner.java:247)
	at org.springframework.test.context.junit4.SpringJUnit4ClassRunner.runChild(SpringJUnit4ClassRunner.java:94)
	at org.junit.runners.ParentRunner$3.run(ParentRunner.java:290)
	at org.junit.runners.ParentRunner$1.schedule(ParentRunner.java:71)
	at org.junit.runners.ParentRunner.runChildren(ParentRunner.java:288)
	at org.junit.runners.ParentRunner.access$000(ParentRunner.java:58)
	at org.junit.runners.ParentRunner$2.evaluate(ParentRunner.java:268)
	at org.springframework.test.context.junit4.statements.RunBeforeTestClassCallbacks.evaluate(RunBeforeTestClassCallbacks.java:61)
	at org.springframework.test.context.junit4.statements.RunAfterTestClassCallbacks.evaluate(RunAfterTestClassCallbacks.java:70)
	at org.junit.runners.ParentRunner.run(ParentRunner.java:363)
	at org.springframework.test.context.junit4.SpringJUnit4ClassRunner.run(SpringJUnit4ClassRunner.java:191)
	at org.apache.maven.surefire.junit4.JUnit4Provider.execute(JUnit4Provider.java:283)
	at org.apache.maven.surefire.junit4.JUnit4Provider.executeWithRerun(JUnit4Provider.java:173)
	at org.apache.maven.surefire.junit4.JUnit4Provider.executeTestSet(JUnit4Provider.java:153)
	at org.apache.maven.surefire.junit4.JUnit4Provider.invoke(JUnit4Provider.java:128)
	at org.apache.maven.surefire.booter.ForkedBooter.invokeProviderInSameClassLoader(ForkedBooter.java:203)
	at org.apache.maven.surefire.booter.ForkedBooter.runSuitesInProcess(ForkedBooter.java:155)
	at org.apache.maven.surefire.booter.ForkedBooter.main(ForkedBooter.java:103)
Caused by: org.springframework.beans.factory.BeanCreationException: Error creating bean with name 'entityManagerFactory' defined in class path resource [org/springframework/boot/autoconfigure/orm/jpa/HibernateJpaAutoConfiguration.class]: Invocation of init method failed; nested exception is org.hibernate.AnnotationException: AttributeConverter and explicit Type cannot be applied to same attribute [org.springframework.cloud.dataflow.registry.domain.AppRegistration.metadataUri];remove @Type or specify @Convert(disableConversion = true)
	at org.springframework.beans.factory.support.AbstractAutowireCapableBeanFactory.initializeBean(AbstractAutowireCapableBeanFactory.java:1631)
	at org.springframework.beans.factory.support.AbstractAutowireCapableBeanFactory.doCreateBean(AbstractAutowireCapableBeanFactory.java:553)
	at org.springframework.beans.factory.support.AbstractAutowireCapableBeanFactory.createBean(AbstractAutowireCapableBeanFactory.java:481)
	at org.springframework.beans.factory.support.AbstractBeanFactory$1.getObject(AbstractBeanFactory.java:312)
	at org.springframework.beans.factory.support.DefaultSingletonBeanRegistry.getSingleton(DefaultSingletonBeanRegistry.java:230)
	at org.springframework.beans.factory.support.AbstractBeanFactory.doGetBean(AbstractBeanFactory.java:308)
	at org.springframework.beans.factory.support.AbstractBeanFactory.getBean(AbstractBeanFactory.java:197)
	at org.springframework.context.support.AbstractApplicationContext.getBean(AbstractApplicationContext.java:1080)
	at org.springframework.context.support.AbstractApplicationContext.finishBeanFactoryInitialization(AbstractApplicationContext.java:857)
	at org.springframework.context.support.AbstractApplicationContext.refresh(AbstractApplicationContext.java:543)
	at org.springframework.boot.SpringApplication.refresh(SpringApplication.java:693)
	at org.springframework.boot.SpringApplication.refreshContext(SpringApplication.java:360)
	at org.springframework.boot.SpringApplication.run(SpringApplication.java:303)
	at org.springframework.boot.test.context.SpringBootContextLoader.loadContext(SpringBootContextLoader.java:121)
	at org.springframework.test.context.cache.DefaultCacheAwareContextLoaderDelegate.loadContextInternal(DefaultCacheAwareContextLoaderDelegate.java:98)
	at org.springframework.test.context.cache.DefaultCacheAwareContextLoaderDelegate.loadContext(DefaultCacheAwareContextLoaderDelegate.java:116)
	at org.springframework.test.context.support.DefaultTestContext.getApplicationContext(DefaultTestContext.java:83)
	at org.springframework.test.context.web.ServletTestExecutionListener.setUpRequestContextIfNecessary(ServletTestExecutionListener.java:189)
	at org.springframework.test.context.web.ServletTestExecutionListener.prepareTestInstance(ServletTestExecutionListener.java:131)
	at org.springframework.test.context.TestContextManager.prepareTestInstance(TestContextManager.java:230)
	at org.springframework.test.context.junit4.SpringJUnit4ClassRunner.createTest(SpringJUnit4ClassRunner.java:228)
	at org.springframework.test.context.junit4.SpringJUnit4ClassRunner$1.runReflectiveCall(SpringJUnit4ClassRunner.java:287)
	at org.junit.internal.runners.model.ReflectiveCallable.run(ReflectiveCallable.java:12)
	at org.springframework.test.context.junit4.SpringJUnit4ClassRunner.methodBlock(SpringJUnit4ClassRunner.java:289)
	at org.springframework.test.context.junit4.SpringJUnit4ClassRunner.runChild(SpringJUnit4ClassRunner.java:247)
	at org.springframework.test.context.junit4.SpringJUnit4ClassRunner.runChild(SpringJUnit4ClassRunner.java:94)
	at org.junit.runners.ParentRunner$3.run(ParentRunner.java:290)
	at org.junit.runners.ParentRunner$1.schedule(ParentRunner.java:71)
	at org.junit.runners.ParentRunner.runChildren(ParentRunner.java:288)
	at org.junit.runners.ParentRunner.access$000(ParentRunner.java:58)
	at org.junit.runners.ParentRunner$2.evaluate(ParentRunner.java:268)
	at org.springframework.test.context.junit4.statements.RunBeforeTestClassCallbacks.evaluate(RunBeforeTestClassCallbacks.java:61)
	at org.springframework.test.context.junit4.statements.RunAfterTestClassCallbacks.evaluate(RunAfterTestClassCallbacks.java:70)
	at org.junit.runners.ParentRunner.run(ParentRunner.java:363)
	at org.springframework.test.context.junit4.SpringJUnit4ClassRunner.run(SpringJUnit4ClassRunner.java:191)
	at org.apache.maven.surefire.junit4.JUnit4Provider.execute(JUnit4Provider.java:283)
	at org.apache.maven.surefire.junit4.JUnit4Provider.executeWithRerun(JUnit4Provider.java:173)
	at org.apache.maven.surefire.junit4.JUnit4Provider.executeTestSet(JUnit4Provider.java:153)
	at org.apache.maven.surefire.junit4.JUnit4Provider.invoke(JUnit4Provider.java:128)
	at org.apache.maven.surefire.booter.ForkedBooter.invokeProviderInSameClassLoader(ForkedBooter.java:203)
	at org.apache.maven.surefire.booter.ForkedBooter.runSuitesInProcess(ForkedBooter.java:155)
	at org.apache.maven.surefire.booter.ForkedBooter.main(ForkedBooter.java:103)
Caused by: org.hibernate.AnnotationException: AttributeConverter and explicit Type cannot be applied to same attribute [org.springframework.cloud.dataflow.registry.domain.AppRegistration.metadataUri];remove @Type or specify @Convert(disableConversion = true)
	at org.hibernate.cfg.annotations.SimpleValueBinder.fillSimpleValue(SimpleValueBinder.java:442)
	at org.hibernate.cfg.SetSimpleValueTypeSecondPass.doSecondPass(SetSimpleValueTypeSecondPass.java:25)
	at org.hibernate.boot.internal.InFlightMetadataCollectorImpl.processSecondPasses(InFlightMetadataCollectorImpl.java:1655)
	at org.hibernate.boot.internal.InFlightMetadataCollectorImpl.processSecondPasses(InFlightMetadataCollectorImpl.java:1613)
	at org.hibernate.boot.model.process.spi.MetadataBuildingProcess.complete(MetadataBuildingProcess.java:278)
	at org.hibernate.jpa.boot.internal.EntityManagerFactoryBuilderImpl.metadata(EntityManagerFactoryBuilderImpl.java:847)
	at org.hibernate.jpa.boot.internal.EntityManagerFactoryBuilderImpl.build(EntityManagerFactoryBuilderImpl.java:874)
	at org.springframework.orm.jpa.vendor.SpringHibernateJpaPersistenceProvider.createContainerEntityManagerFactory(SpringHibernateJpaPersistenceProvider.java:60)
	at org.springframework.orm.jpa.LocalContainerEntityManagerFactoryBean.createNativeEntityManagerFactory(LocalContainerEntityManagerFactoryBean.java:360)
	at org.springframework.orm.jpa.AbstractEntityManagerFactoryBean.buildNativeEntityManagerFactory(AbstractEntityManagerFactoryBean.java:384)
	at org.springframework.orm.jpa.AbstractEntityManagerFactoryBean.afterPropertiesSet(AbstractEntityManagerFactoryBean.java:371)
	at org.springframework.orm.jpa.LocalContainerEntityManagerFactoryBean.afterPropertiesSet(LocalContainerEntityManagerFactoryBean.java:336)
	at org.springframework.beans.factory.support.AbstractAutowireCapableBeanFactory.invokeInitMethods(AbstractAutowireCapableBeanFactory.java:1689)
	at org.springframework.beans.factory.support.AbstractAutowireCapableBeanFactory.initializeBean(AbstractAutowireCapableBeanFactory.java:1627)
	at org.springframework.beans.factory.support.AbstractAutowireCapableBeanFactory.doCreateBean(AbstractAutowireCapableBeanFactory.java:553)
	at org.springframework.beans.factory.support.AbstractAutowireCapableBeanFactory.createBean(AbstractAutowireCapableBeanFactory.java:481)
	at org.springframework.beans.factory.support.AbstractBeanFactory$1.getObject(AbstractBeanFactory.java:312)
	at org.springframework.beans.factory.support.DefaultSingletonBeanRegistry.getSingleton(DefaultSingletonBeanRegistry.java:230)
	at org.springframework.beans.factory.support.AbstractBeanFactory.doGetBean(AbstractBeanFactory.java:308)
	at org.springframework.beans.factory.support.AbstractBeanFactory.getBean(AbstractBeanFactory.java:197)
	at org.springframework.context.support.AbstractApplicationContext.getBean(AbstractApplicationContext.java:1080)
	at org.springframework.context.support.AbstractApplicationContext.finishBeanFactoryInitialization(AbstractApplicationContext.java:857)
	at org.springframework.context.support.AbstractApplicationContext.refresh(AbstractApplicationContext.java:543)
	at org.springframework.boot.SpringApplication.refresh(SpringApplication.java:693)
	at org.springframework.boot.SpringApplication.refreshContext(SpringApplication.java:360)
	at org.springframework.boot.SpringApplication.run(SpringApplication.java:303)
	at org.springframework.boot.test.context.SpringBootContextLoader.loadContext(SpringBootContextLoader.java:121)
	at org.springframework.test.context.cache.DefaultCacheAwareContextLoaderDelegate.loadContextInternal(DefaultCacheAwareContextLoaderDelegate.java:98)
	at org.springframework.test.context.cache.DefaultCacheAwareContextLoaderDelegate.loadContext(DefaultCacheAwareContextLoaderDelegate.java:116)
	at org.springframework.test.context.support.DefaultTestContext.getApplicationContext(DefaultTestContext.java:83)
	at org.springframework.test.context.web.ServletTestExecutionListener.setUpRequestContextIfNecessary(ServletTestExecutionListener.java:189)
	at org.springframework.test.context.web.ServletTestExecutionListener.prepareTestInstance(ServletTestExecutionListener.java:131)
	at org.springframework.test.context.TestContextManager.prepareTestInstance(TestContextManager.java:230)
	at org.springframework.test.context.junit4.SpringJUnit4ClassRunner.createTest(SpringJUnit4ClassRunner.java:228)
	at org.springframework.test.context.junit4.SpringJUnit4ClassRunner$1.runReflectiveCall(SpringJUnit4ClassRunner.java:287)
	at org.junit.internal.runners.model.ReflectiveCallable.run(ReflectiveCallable.java:12)
	at org.springframework.test.context.junit4.SpringJUnit4ClassRunner.methodBlock(SpringJUnit4ClassRunner.java:289)
	at org.springframework.test.context.junit4.SpringJUnit4ClassRunner.runChild(SpringJUnit4ClassRunner.java:247)
	at org.springframework.test.context.junit4.SpringJUnit4ClassRunner.runChild(SpringJUnit4ClassRunner.java:94)
	at org.junit.runners.ParentRunner$3.run(ParentRunner.java:290)
	at org.junit.runners.ParentRunner$1.schedule(ParentRunner.java:71)
	at org.junit.runners.ParentRunner.runChildren(ParentRunner.java:288)
	at org.junit.runners.ParentRunner.access$000(ParentRunner.java:58)
	at org.junit.runners.ParentRunner$2.evaluate(ParentRunner.java:268)
	at org.springframework.test.context.junit4.statements.RunBeforeTestClassCallbacks.evaluate(RunBeforeTestClassCallbacks.java:61)
	at org.springframework.test.context.junit4.statements.RunAfterTestClassCallbacks.evaluate(RunAfterTestClassCallbacks.java:70)
	at org.junit.runners.ParentRunner.run(ParentRunner.java:363)
	at org.springframework.test.context.junit4.SpringJUnit4ClassRunner.run(SpringJUnit4ClassRunner.java:191)
	at org.apache.maven.surefire.junit4.JUnit4Provider.execute(JUnit4Provider.java:283)
	at org.apache.maven.surefire.junit4.JUnit4Provider.executeWithRerun(JUnit4Provider.java:173)
	at org.apache.maven.surefire.junit4.JUnit4Provider.executeTestSet(JUnit4Provider.java:153)
	at org.apache.maven.surefire.junit4.JUnit4Provider.invoke(JUnit4Provider.java:128)
	at org.apache.maven.surefire.booter.ForkedBooter.invokeProviderInSameClassLoader(ForkedBooter.java:203)
	at org.apache.maven.surefire.booter.ForkedBooter.runSuitesInProcess(ForkedBooter.java:155)
	at org.apache.maven.surefire.booter.ForkedBooter.main(ForkedBooter.java:103)
</error>
    <system-out><![CDATA[18:14:18.857 [main] DEBUG org.springframework.test.context.junit4.SpringJUnit4ClassRunner - SpringJUnit4ClassRunner constructor called with [class com.scdfdemo.scdfdemo.ScdfdemoApplicationTests]
18:14:18.906 [main] DEBUG org.springframework.test.context.BootstrapUtils - Instantiating CacheAwareContextLoaderDelegate from class [org.springframework.test.context.cache.DefaultCacheAwareContextLoaderDelegate]
18:14:18.956 [main] DEBUG org.springframework.test.context.BootstrapUtils - Instantiating BootstrapContext using constructor [public org.springframework.test.context.support.DefaultBootstrapContext(java.lang.Class,org.springframework.test.context.CacheAwareContextLoaderDelegate)]
18:14:19.048 [main] DEBUG org.springframework.test.context.BootstrapUtils - Instantiating TestContextBootstrapper for test class [com.scdfdemo.scdfdemo.ScdfdemoApplicationTests] from class [org.springframework.boot.test.context.SpringBootTestContextBootstrapper]
18:14:19.109 [main] INFO org.springframework.boot.test.context.SpringBootTestContextBootstrapper - Neither @ContextConfiguration nor @ContextHierarchy found for test class [com.scdfdemo.scdfdemo.ScdfdemoApplicationTests], using SpringBootContextLoader
18:14:19.121 [main] DEBUG org.springframework.test.context.support.AbstractContextLoader - Did not detect default resource location for test class [com.scdfdemo.scdfdemo.ScdfdemoApplicationTests]: class path resource [com/scdfdemo/scdfdemo/ScdfdemoApplicationTests-context.xml] does not exist
18:14:19.125 [main] DEBUG org.springframework.test.context.support.AbstractContextLoader - Did not detect default resource location for test class [com.scdfdemo.scdfdemo.ScdfdemoApplicationTests]: class path resource [com/scdfdemo/scdfdemo/ScdfdemoApplicationTestsContext.groovy] does not exist
18:14:19.126 [main] INFO org.springframework.test.context.support.AbstractContextLoader - Could not detect default resource locations for test class [com.scdfdemo.scdfdemo.ScdfdemoApplicationTests]: no resource found for suffixes {-context.xml, Context.groovy}.
18:14:19.131 [main] INFO org.springframework.test.context.support.AnnotationConfigContextLoaderUtils - Could not detect default configuration classes for test class [com.scdfdemo.scdfdemo.ScdfdemoApplicationTests]: ScdfdemoApplicationTests does not declare any static, non-private, non-final, nested classes annotated with @Configuration.
18:14:19.301 [main] DEBUG org.springframework.test.context.support.ActiveProfilesUtils - Could not find an 'annotation declaring class' for annotation type [org.springframework.test.context.ActiveProfiles] and class [com.scdfdemo.scdfdemo.ScdfdemoApplicationTests]
18:14:19.323 [main] DEBUG org.springframework.core.env.StandardEnvironment - Adding PropertySource 'systemProperties' with lowest search precedence
18:14:19.326 [main] DEBUG org.springframework.core.env.StandardEnvironment - Adding PropertySource 'systemEnvironment' with lowest search precedence
18:14:19.328 [main] DEBUG org.springframework.core.env.StandardEnvironment - Initialized StandardEnvironment with PropertySources [MapPropertySource@278934944 {name='systemProperties', properties={java.runtime.name=Java(TM) SE Runtime Environment, sun.boot.library.path=/usr/lib/jvm/java-8-oracle/jre/lib/amd64, java.vm.version=25.201-b09, java.vm.vendor=Oracle Corporation, java.vendor.url=http://java.oracle.com/, java.rmi.server.randomIDs=true, path.separator=:, java.vm.name=Java HotSpot(TM) 64-Bit Server VM, file.encoding.pkg=sun.io, user.country=IN, sun.java.launcher=SUN_STANDARD, sun.os.patch.level=unknown, java.vm.specification.name=Java Virtual Machine Specification, user.dir=/home/prashantsingh/Desktop/STS_Workspace/scdfdemo, java.runtime.version=1.8.0_201-b09, basedir=/home/prashantsingh/Desktop/STS_Workspace/scdfdemo, java.awt.graphicsenv=sun.awt.X11GraphicsEnvironment, java.endorsed.dirs=/usr/lib/jvm/java-8-oracle/jre/lib/endorsed, os.arch=amd64, surefire.real.class.path=/home/prashantsingh/Desktop/STS_Workspace/scdfdemo/target/surefire/surefirebooter234399118528827034.jar, java.io.tmpdir=/tmp, line.separator=
, java.vm.specification.vendor=Oracle Corporation, os.name=Linux, sun.jnu.encoding=UTF-8, java.library.path=/usr/java/packages/lib/amd64:/usr/lib64:/lib64:/lib:/usr/lib, surefire.test.class.path=/home/prashantsingh/Desktop/STS_Workspace/scdfdemo/target/test-classes:/home/prashantsingh/Desktop/STS_Workspace/scdfdemo/target/classes:/home/prashantsingh/.m2/repository/org/springframework/boot/spring-boot-starter/1.5.17.RELEASE/spring-boot-starter-1.5.17.RELEASE.jar:/home/prashantsingh/.m2/repository/org/springframework/boot/spring-boot/1.5.17.RELEASE/spring-boot-1.5.17.RELEASE.jar:/home/prashantsingh/.m2/repository/org/springframework/spring-context/4.3.20.RELEASE/spring-context-4.3.20.RELEASE.jar:/home/prashantsingh/.m2/repository/org/springframework/spring-aop/4.3.20.RELEASE/spring-aop-4.3.20.RELEASE.jar:/home/prashantsingh/.m2/repository/org/springframework/spring-beans/4.3.20.RELEASE/spring-beans-4.3.20.RELEASE.jar:/home/prashantsingh/.m2/repository/org/springframework/spring-expression/4.3.20.RELEASE/spring-expression-4.3.20.RELEASE.jar:/home/prashantsingh/.m2/repository/org/springframework/boot/spring-boot-autoconfigure/1.5.17.RELEASE/spring-boot-autoconfigure-1.5.17.RELEASE.jar:/home/prashantsingh/.m2/repository/org/springframework/boot/spring-boot-starter-logging/1.5.17.RELEASE/spring-boot-starter-logging-1.5.17.RELEASE.jar:/home/prashantsingh/.m2/repository/ch/qos/logback/logback-classic/1.1.11/logback-classic-1.1.11.jar:/home/prashantsingh/.m2/repository/ch/qos/logback/logback-core/1.1.11/logback-core-1.1.11.jar:/home/prashantsingh/.m2/repository/org/slf4j/jcl-over-slf4j/1.7.25/jcl-over-slf4j-1.7.25.jar:/home/prashantsingh/.m2/repository/org/slf4j/jul-to-slf4j/1.7.25/jul-to-slf4j-1.7.25.jar:/home/prashantsingh/.m2/repository/org/slf4j/log4j-over-slf4j/1.7.25/log4j-over-slf4j-1.7.25.jar:/home/prashantsingh/.m2/repository/org/springframework/spring-core/4.3.20.RELEASE/spring-core-4.3.20.RELEASE.jar:/home/prashantsingh/.m2/repository/org/yaml/snakeyaml/1.17/snakeyaml-1.17.jar:/home/prashantsingh/.m2/repository/org/springframework/boot/spring-boot-starter-test/1.5.17.RELEASE/spring-boot-starter-test-1.5.17.RELEASE.jar:/home/prashantsingh/.m2/repository/org/springframework/boot/spring-boot-test/1.5.17.RELEASE/spring-boot-test-1.5.17.RELEASE.jar:/home/prashantsingh/.m2/repository/org/springframework/boot/spring-boot-test-autoconfigure/1.5.17.RELEASE/spring-boot-test-autoconfigure-1.5.17.RELEASE.jar:/home/prashantsingh/.m2/repository/com/jayway/jsonpath/json-path/2.2.0/json-path-2.2.0.jar:/home/prashantsingh/.m2/repository/net/minidev/json-smart/2.2.1/json-smart-2.2.1.jar:/home/prashantsingh/.m2/repository/net/minidev/accessors-smart/1.1/accessors-smart-1.1.jar:/home/prashantsingh/.m2/repository/org/ow2/asm/asm/5.0.3/asm-5.0.3.jar:/home/prashantsingh/.m2/repository/org/slf4j/slf4j-api/1.7.25/slf4j-api-1.7.25.jar:/home/prashantsingh/.m2/repository/junit/junit/4.12/junit-4.12.jar:/home/prashantsingh/.m2/repository/org/assertj/assertj-core/2.6.0/assertj-core-2.6.0.jar:/home/prashantsingh/.m2/repository/org/mockito/mockito-core/1.10.19/mockito-core-1.10.19.jar:/home/prashantsingh/.m2/repository/org/objenesis/objenesis/2.1/objenesis-2.1.jar:/home/prashantsingh/.m2/repository/org/hamcrest/hamcrest-core/1.3/hamcrest-core-1.3.jar:/home/prashantsingh/.m2/repository/org/hamcrest/hamcrest-library/1.3/hamcrest-library-1.3.jar:/home/prashantsingh/.m2/repository/org/skyscreamer/jsonassert/1.4.0/jsonassert-1.4.0.jar:/home/prashantsingh/.m2/repository/com/vaadin/external/google/android-json/0.0.20131108.vaadin1/android-json-0.0.20131108.vaadin1.jar:/home/prashantsingh/.m2/repository/org/springframework/spring-test/4.3.20.RELEASE/spring-test-4.3.20.RELEASE.jar:/home/prashantsingh/.m2/repository/org/springframework/cloud/spring-cloud-starter-dataflow-server-local/1.7.1.RELEASE/spring-cloud-starter-dataflow-server-local-1.7.1.RELEASE.jar:/home/prashantsingh/.m2/repository/org/springframework/cloud/spring-cloud-deployer-local/1.3.9.RELEASE/spring-cloud-deployer-local-1.3.9.RELEASE.jar:/home/prashantsingh/.m2/repository/org/springframework/cloud/spring-cloud-deployer-spi/1.3.4.RELEASE/spring-cloud-deployer-spi-1.3.4.RELEASE.jar:/home/prashantsingh/.m2/repository/org/springframework/cloud/spring-cloud-deployer-resource-maven/1.3.4.RELEASE/spring-cloud-deployer-resource-maven-1.3.4.RELEASE.jar:/home/prashantsingh/.m2/repository/org/eclipse/aether/aether-impl/1.0.2.v20150114/aether-impl-1.0.2.v20150114.jar:/home/prashantsingh/.m2/repository/org/eclipse/aether/aether-api/1.0.2.v20150114/aether-api-1.0.2.v20150114.jar:/home/prashantsingh/.m2/repository/org/eclipse/aether/aether-spi/1.0.2.v20150114/aether-spi-1.0.2.v20150114.jar:/home/prashantsingh/.m2/repository/org/eclipse/aether/aether-util/1.0.2.v20150114/aether-util-1.0.2.v20150114.jar:/home/prashantsingh/.m2/repository/org/eclipse/aether/aether-connector-basic/1.0.2.v20150114/aether-connector-basic-1.0.2.v20150114.jar:/home/prashantsingh/.m2/repository/org/eclipse/aether/aether-transport-file/1.0.2.v20150114/aether-transport-file-1.0.2.v20150114.jar:/home/prashantsingh/.m2/repository/org/eclipse/aether/aether-transport-http/1.0.2.v20150114/aether-transport-http-1.0.2.v20150114.jar:/home/prashantsingh/.m2/repository/org/apache/maven/maven-aether-provider/3.2.1/maven-aether-provider-3.2.1.jar:/home/prashantsingh/.m2/repository/org/apache/maven/maven-model/3.2.1/maven-model-3.2.1.jar:/home/prashantsingh/.m2/repository/org/apache/maven/maven-model-builder/3.2.1/maven-model-builder-3.2.1.jar:/home/prashantsingh/.m2/repository/org/codehaus/plexus/plexus-interpolation/1.19/plexus-interpolation-1.19.jar:/home/prashantsingh/.m2/repository/org/apache/maven/maven-repository-metadata/3.2.1/maven-repository-metadata-3.2.1.jar:/home/prashantsingh/.m2/repository/org/codehaus/plexus/plexus-component-annotations/1.5.5/plexus-component-annotations-1.5.5.jar:/home/prashantsingh/.m2/repository/org/codehaus/plexus/plexus-utils/3.0.17/plexus-utils-3.0.17.jar:/home/prashantsingh/.m2/repository/org/springframework/cloud/spring-cloud-deployer-resource-docker/1.3.4.RELEASE/spring-cloud-deployer-resource-docker-1.3.4.RELEASE.jar:/home/prashantsingh/.m2/repository/org/springframework/spring-web/4.3.20.RELEASE/spring-web-4.3.20.RELEASE.jar:/home/prashantsingh/.m2/repository/com/fasterxml/jackson/core/jackson-databind/2.8.11.2/jackson-databind-2.8.11.2.jar:/home/prashantsingh/.m2/repository/com/fasterxml/jackson/core/jackson-annotations/2.8.0/jackson-annotations-2.8.0.jar:/home/prashantsingh/.m2/repository/com/fasterxml/jackson/core/jackson-core/2.8.11/jackson-core-2.8.11.jar:/home/prashantsingh/.m2/repository/org/springframework/boot/spring-boot-starter-validation/1.5.17.RELEASE/spring-boot-starter-validation-1.5.17.RELEASE.jar:/home/prashantsingh/.m2/repository/org/apache/tomcat/embed/tomcat-embed-el/8.5.34/tomcat-embed-el-8.5.34.jar:/home/prashantsingh/.m2/repository/org/hibernate/hibernate-validator/5.3.6.Final/hibernate-validator-5.3.6.Final.jar:/home/prashantsingh/.m2/repository/javax/validation/validation-api/1.1.0.Final/validation-api-1.1.0.Final.jar:/home/prashantsingh/.m2/repository/com/fasterxml/classmate/1.3.4/classmate-1.3.4.jar:/home/prashantsingh/.m2/repository/org/springframework/cloud/spring-cloud-dataflow-server-core/1.7.1.RELEASE/spring-cloud-dataflow-server-core-1.7.1.RELEASE.jar:/home/prashantsingh/.m2/repository/com/zaxxer/HikariCP/2.5.1/HikariCP-2.5.1.jar:/home/prashantsingh/.m2/repository/org/hibernate/hibernate-core/5.0.12.Final/hibernate-core-5.0.12.Final.jar:/home/prashantsingh/.m2/repository/org/jboss/logging/jboss-logging/3.3.2.Final/jboss-logging-3.3.2.Final.jar:/home/prashantsingh/.m2/repository/org/hibernate/javax/persistence/hibernate-jpa-2.1-api/1.0.0.Final/hibernate-jpa-2.1-api-1.0.0.Final.jar:/home/prashantsingh/.m2/repository/org/javassist/javassist/3.21.0-GA/javassist-3.21.0-GA.jar:/home/prashantsingh/.m2/repository/antlr/antlr/2.7.7/antlr-2.7.7.jar:/home/prashantsingh/.m2/repository/org/apache/geronimo/specs/geronimo-jta_1.1_spec/1.1.1/geronimo-jta_1.1_spec-1.1.1.jar:/home/prashantsingh/.m2/repository/org/jboss/jandex/2.0.0.Final/jandex-2.0.0.Final.jar:/home/prashantsingh/.m2/repository/dom4j/dom4j/1.6.1/dom4j-1.6.1.jar:/home/prashantsingh/.m2/repository/org/hibernate/common/hibernate-commons-annotations/5.0.1.Final/hibernate-commons-annotations-5.0.1.Final.jar:/home/prashantsingh/.m2/repository/org/hibernate/hibernate-entitymanager/5.0.12.Final/hibernate-entitymanager-5.0.12.Final.jar:/home/prashantsingh/.m2/repository/org/springframework/boot/spring-boot-starter-data-jpa/1.5.17.RELEASE/spring-boot-starter-data-jpa-1.5.17.RELEASE.jar:/home/prashantsingh/.m2/repository/org/springframework/boot/spring-boot-starter-aop/1.5.17.RELEASE/spring-boot-starter-aop-1.5.17.RELEASE.jar:/home/prashantsingh/.m2/repository/javax/transaction/javax.transaction-api/1.2/javax.transaction-api-1.2.jar:/home/prashantsingh/.m2/repository/org/springframework/data/spring-data-jpa/1.11.16.RELEASE/spring-data-jpa-1.11.16.RELEASE.jar:/home/prashantsingh/.m2/repository/org/springframework/spring-orm/4.3.20.RELEASE/spring-orm-4.3.20.RELEASE.jar:/home/prashantsingh/.m2/repository/org/springframework/spring-tx/4.3.20.RELEASE/spring-tx-4.3.20.RELEASE.jar:/home/prashantsingh/.m2/repository/org/springframework/spring-aspects/4.3.20.RELEASE/spring-aspects-4.3.20.RELEASE.jar:/home/prashantsingh/.m2/repository/org/springframework/cloud/spring-cloud-dataflow-configuration-metadata/1.7.1.RELEASE/spring-cloud-dataflow-configuration-metadata-1.7.1.RELEASE.jar:/home/prashantsingh/.m2/repository/org/springframework/boot/spring-boot-loader/1.5.17.RELEASE/spring-boot-loader-1.5.17.RELEASE.jar:/home/prashantsingh/.m2/repository/org/springframework/boot/spring-boot-configuration-metadata/1.5.17.RELEASE/spring-boot-configuration-metadata-1.5.17.RELEASE.jar:/home/prashantsingh/.m2/repository/org/springframework/cloud/spring-cloud-dataflow-completion/1.7.1.RELEASE/spring-cloud-dataflow-completion-1.7.1.RELEASE.jar:/home/prashantsingh/.m2/repository/org/springframework/cloud/spring-cloud-dataflow-core/1.7.1.RELEASE/spring-cloud-dataflow-core-1.7.1.RELEASE.jar:/home/prashantsingh/.m2/repository/commons-lang/commons-lang/2.4/commons-lang-2.4.jar:/home/prashantsingh/.m2/repository/org/springframework/cloud/spring-cloud-dataflow-rest-resource/1.7.1.RELEASE/spring-cloud-dataflow-rest-resource-1.7.1.RELEASE.jar:/home/prashantsingh/.m2/repository/org/springframework/batch/spring-batch-core/3.0.9.RELEASE/spring-batch-core-3.0.9.RELEASE.jar:/home/prashantsingh/.m2/repository/com/ibm/jbatch/com.ibm.jbatch-tck-spi/1.0/com.ibm.jbatch-tck-spi-1.0.jar:/home/prashantsingh/.m2/repository/javax/batch/javax.batch-api/1.0/javax.batch-api-1.0.jar:/home/prashantsingh/.m2/repository/com/thoughtworks/xstream/xstream/1.4.7/xstream-1.4.7.jar:/home/prashantsingh/.m2/repository/xmlpull/xmlpull/1.1.3.1/xmlpull-1.1.3.1.jar:/home/prashantsingh/.m2/repository/xpp3/xpp3_min/1.1.4c/xpp3_min-1.1.4c.jar:/home/prashantsingh/.m2/repository/org/codehaus/jettison/jettison/1.2/jettison-1.2.jar:/home/prashantsingh/.m2/repository/org/apache/httpcomponents/httpclient/4.5.6/httpclient-4.5.6.jar:/home/prashantsingh/.m2/repository/org/apache/httpcomponents/httpcore/4.4.10/httpcore-4.4.10.jar:/home/prashantsingh/.m2/repository/commons-codec/commons-codec/1.10/commons-codec-1.10.jar:/home/prashantsingh/.m2/repository/com/fasterxml/jackson/datatype/jackson-datatype-jsr310/2.8.11/jackson-datatype-jsr310-2.8.11.jar:/home/prashantsingh/.m2/repository/commons-io/commons-io/2.4/commons-io-2.4.jar:/home/prashantsingh/.m2/repository/org/springframework/cloud/spring-cloud-dataflow-registry/1.7.1.RELEASE/spring-cloud-dataflow-registry-1.7.1.RELEASE.jar:/home/prashantsingh/.m2/repository/org/springframework/cloud/spring-cloud-scheduler-spi/1.0.1.RELEASE/spring-cloud-scheduler-spi-1.0.1.RELEASE.jar:/home/prashantsingh/.m2/repository/org/springframework/boot/spring-boot-starter-web/1.5.17.RELEASE/spring-boot-starter-web-1.5.17.RELEASE.jar:/home/prashantsingh/.m2/repository/org/springframework/boot/spring-boot-starter-tomcat/1.5.17.RELEASE/spring-boot-starter-tomcat-1.5.17.RELEASE.jar:/home/prashantsingh/.m2/repository/org/apache/tomcat/embed/tomcat-embed-core/8.5.34/tomcat-embed-core-8.5.34.jar:/home/prashantsingh/.m2/repository/org/apache/tomcat/tomcat-annotations-api/8.5.34/tomcat-annotations-api-8.5.34.jar:/home/prashantsingh/.m2/repository/org/apache/tomcat/embed/tomcat-embed-websocket/8.5.34/tomcat-embed-websocket-8.5.34.jar:/home/prashantsingh/.m2/repository/org/springframework/spring-webmvc/4.3.20.RELEASE/spring-webmvc-4.3.20.RELEASE.jar:/home/prashantsingh/.m2/repository/org/springframework/boot/spring-boot-starter-data-redis/1.5.17.RELEASE/spring-boot-starter-data-redis-1.5.17.RELEASE.jar:/home/prashantsingh/.m2/repository/org/springframework/data/spring-data-redis/1.8.16.RELEASE/spring-data-redis-1.8.16.RELEASE.jar:/home/prashantsingh/.m2/repository/org/springframework/spring-oxm/4.3.20.RELEASE/spring-oxm-4.3.20.RELEASE.jar:/home/prashantsingh/.m2/repository/org/springframework/spring-context-support/4.3.20.RELEASE/spring-context-support-4.3.20.RELEASE.jar:/home/prashantsingh/.m2/repository/redis/clients/jedis/2.9.0/jedis-2.9.0.jar:/home/prashantsingh/.m2/repository/org/apache/commons/commons-pool2/2.4.3/commons-pool2-2.4.3.jar:/home/prashantsingh/.m2/repository/org/springframework/cloud/spring-cloud-starter-common-security-config-web/1.0.3.RELEASE/spring-cloud-starter-common-security-config-web-1.0.3.RELEASE.jar:/home/prashantsingh/.m2/repository/org/springframework/cloud/spring-cloud-common-security-config-web/1.0.3.RELEASE/spring-cloud-common-security-config-web-1.0.3.RELEASE.jar:/home/prashantsingh/.m2/repository/org/springframework/boot/spring-boot-starter-security/1.5.17.RELEASE/spring-boot-starter-security-1.5.17.RELEASE.jar:/home/prashantsingh/.m2/repository/org/springframework/security/spring-security-config/4.2.9.RELEASE/spring-security-config-4.2.9.RELEASE.jar:/home/prashantsingh/.m2/repository/org/springframework/security/spring-security-web/4.2.9.RELEASE/spring-security-web-4.2.9.RELEASE.jar:/home/prashantsingh/.m2/repository/org/springframework/security/spring-security-ldap/4.2.9.RELEASE/spring-security-ldap-4.2.9.RELEASE.jar:/home/prashantsingh/.m2/repository/org/springframework/ldap/spring-ldap-core/2.3.2.RELEASE/spring-ldap-core-2.3.2.RELEASE.jar:/home/prashantsingh/.m2/repository/org/springframework/security/spring-security-core/4.2.9.RELEASE/spring-security-core-4.2.9.RELEASE.jar:/home/prashantsingh/.m2/repository/aopalliance/aopalliance/1.0/aopalliance-1.0.jar:/home/prashantsingh/.m2/repository/org/springframework/security/oauth/spring-security-oauth2/2.0.16.RELEASE/spring-security-oauth2-2.0.16.RELEASE.jar:/home/prashantsingh/.m2/repository/org/springframework/session/spring-session/1.3.3.RELEASE/spring-session-1.3.3.RELEASE.jar:/home/prashantsingh/.m2/repository/org/springframework/cloud/spring-cloud-dataflow-ui/1.7.0.RELEASE/spring-cloud-dataflow-ui-1.7.0.RELEASE.jar:/home/prashantsingh/.m2/repository/org/springframework/boot/spring-boot-starter-actuator/1.5.17.RELEASE/spring-boot-starter-actuator-1.5.17.RELEASE.jar:/home/prashantsingh/.m2/repository/org/springframework/boot/spring-boot-actuator/1.5.17.RELEASE/spring-boot-actuator-1.5.17.RELEASE.jar:/home/prashantsingh/.m2/repository/org/springframework/hateoas/spring-hateoas/0.23.0.RELEASE/spring-hateoas-0.23.0.RELEASE.jar:/home/prashantsingh/.m2/repository/org/springframework/data/spring-data-commons/1.13.16.RELEASE/spring-data-commons-1.13.16.RELEASE.jar:/home/prashantsingh/.m2/repository/org/springframework/boot/spring-boot-starter-jdbc/1.5.17.RELEASE/spring-boot-starter-jdbc-1.5.17.RELEASE.jar:/home/prashantsingh/.m2/repository/org/springframework/spring-jdbc/4.3.20.RELEASE/spring-jdbc-4.3.20.RELEASE.jar:/home/prashantsingh/.m2/repository/org/springframework/plugin/spring-plugin-core/1.2.0.RELEASE/spring-plugin-core-1.2.0.RELEASE.jar:/home/prashantsingh/.m2/repository/org/springframework/analytics/spring-analytics/1.1.3.RELEASE/spring-analytics-1.1.3.RELEASE.jar:/home/prashantsingh/.m2/repository/org/springframework/retry/spring-retry/1.2.2.RELEASE/spring-retry-1.2.2.RELEASE.jar:/home/prashantsingh/.m2/repository/joda-time/joda-time/2.9.9/joda-time-2.9.9.jar:/home/prashantsingh/.m2/repository/org/springframework/cloud/spring-cloud-task-core/1.3.0.RELEASE/spring-cloud-task-core-1.3.0.RELEASE.jar:/home/prashantsingh/.m2/repository/org/springframework/batch/spring-batch-infrastructure/3.0.9.RELEASE/spring-batch-infrastructure-3.0.9.RELEASE.jar:/home/prashantsingh/.m2/repository/com/h2database/h2/1.4.197/h2-1.4.197.jar:/home/prashantsingh/.m2/repository/org/hsqldb/hsqldb/2.3.6/hsqldb-2.3.6.jar:/home/prashantsingh/.m2/repository/org/mariadb/jdbc/mariadb-java-client/1.5.9/mariadb-java-client-1.5.9.jar:/home/prashantsingh/.m2/repository/org/postgresql/postgresql/9.4.1212.jre7/postgresql-9.4.1212.jre7.jar:/home/prashantsingh/.m2/repository/com/microsoft/sqlserver/mssql-jdbc/6.1.0.jre7/mssql-jdbc-6.1.0.jre7.jar:/home/prashantsingh/.m2/repository/org/springframework/cloud/spring-cloud-starter-config/1.4.5.RELEASE/spring-cloud-starter-config-1.4.5.RELEASE.jar:/home/prashantsingh/.m2/repository/org/springframework/cloud/spring-cloud-starter/1.3.5.RELEASE/spring-cloud-starter-1.3.5.RELEASE.jar:/home/prashantsingh/.m2/repository/org/springframework/cloud/spring-cloud-context/1.3.5.RELEASE/spring-cloud-context-1.3.5.RELEASE.jar:/home/prashantsingh/.m2/repository/org/springframework/security/spring-security-crypto/4.2.9.RELEASE/spring-security-crypto-4.2.9.RELEASE.jar:/home/prashantsingh/.m2/repository/org/springframework/cloud/spring-cloud-commons/1.3.5.RELEASE/spring-cloud-commons-1.3.5.RELEASE.jar:/home/prashantsingh/.m2/repository/org/springframework/security/spring-security-rsa/1.0.3.RELEASE/spring-security-rsa-1.0.3.RELEASE.jar:/home/prashantsingh/.m2/repository/org/bouncycastle/bcpkix-jdk15on/1.55/bcpkix-jdk15on-1.55.jar:/home/prashantsingh/.m2/repository/org/bouncycastle/bcprov-jdk15on/1.55/bcprov-jdk15on-1.55.jar:/home/prashantsingh/.m2/repository/org/springframework/cloud/spring-cloud-config-client/1.4.5.RELEASE/spring-cloud-config-client-1.4.5.RELEASE.jar:/home/prashantsingh/.m2/repository/org/springframework/cloud/spring-cloud-starter-hystrix/1.4.6.RELEASE/spring-cloud-starter-hystrix-1.4.6.RELEASE.jar:/home/prashantsingh/.m2/repository/org/springframework/cloud/spring-cloud-starter-netflix-hystrix/1.4.6.RELEASE/spring-cloud-starter-netflix-hystrix-1.4.6.RELEASE.jar:/home/prashantsingh/.m2/repository/org/springframework/cloud/spring-cloud-netflix-core/1.4.6.RELEASE/spring-cloud-netflix-core-1.4.6.RELEASE.jar:/home/prashantsingh/.m2/repository/org/springframework/cloud/spring-cloud-starter-netflix-archaius/1.4.6.RELEASE/spring-cloud-starter-netflix-archaius-1.4.6.RELEASE.jar:/home/prashantsingh/.m2/repository/com/netflix/archaius/archaius-core/0.7.4/archaius-core-0.7.4.jar:/home/prashantsingh/.m2/repository/com/google/code/findbugs/jsr305/3.0.1/jsr305-3.0.1.jar:/home/prashantsingh/.m2/repository/commons-configuration/commons-configuration/1.8/commons-configuration-1.8.jar:/home/prashantsingh/.m2/repository/com/google/guava/guava/18.0/guava-18.0.jar:/home/prashantsingh/.m2/repository/com/netflix/hystrix/hystrix-core/1.5.12/hystrix-core-1.5.12.jar:/home/prashantsingh/.m2/repository/io/reactivex/rxjava/1.2.0/rxjava-1.2.0.jar:/home/prashantsingh/.m2/repository/org/hdrhistogram/HdrHistogram/2.1.9/HdrHistogram-2.1.9.jar:/home/prashantsingh/.m2/repository/com/netflix/hystrix/hystrix-metrics-event-stream/1.5.12/hystrix-metrics-event-stream-1.5.12.jar:/home/prashantsingh/.m2/repository/com/netflix/hystrix/hystrix-serialization/1.5.12/hystrix-serialization-1.5.12.jar:/home/prashantsingh/.m2/repository/com/fasterxml/jackson/module/jackson-module-afterburner/2.8.11/jackson-module-afterburner-2.8.11.jar:/home/prashantsingh/.m2/repository/com/netflix/hystrix/hystrix-javanica/1.5.12/hystrix-javanica-1.5.12.jar:/home/prashantsingh/.m2/repository/org/springframework/batch/spring-batch-admin-manager/1.3.1.RELEASE/spring-batch-admin-manager-1.3.1.RELEASE.jar:/home/prashantsingh/.m2/repository/org/aspectj/aspectjrt/1.8.13/aspectjrt-1.8.13.jar:/home/prashantsingh/.m2/repository/org/aspectj/aspectjweaver/1.8.13/aspectjweaver-1.8.13.jar:/home/prashantsingh/.m2/repository/org/springframework/batch/spring-batch-integration/3.0.9.RELEASE/spring-batch-integration-3.0.9.RELEASE.jar:/home/prashantsingh/.m2/repository/org/springframework/spring-messaging/4.3.20.RELEASE/spring-messaging-4.3.20.RELEASE.jar:/home/prashantsingh/.m2/repository/org/springframework/integration/spring-integration-core/4.3.17.RELEASE/spring-integration-core-4.3.17.RELEASE.jar:/home/prashantsingh/.m2/repository/org/springframework/integration/spring-integration-jmx/4.3.17.RELEASE/spring-integration-jmx-4.3.17.RELEASE.jar:/home/prashantsingh/.m2/repository/org/springframework/integration/spring-integration-http/4.3.17.RELEASE/spring-integration-http-4.3.17.RELEASE.jar:/home/prashantsingh/.m2/repository/org/springframework/integration/spring-integration-file/4.3.17.RELEASE/spring-integration-file-4.3.17.RELEASE.jar:/home/prashantsingh/.m2/repository/commons-fileupload/commons-fileupload/1.3.1/commons-fileupload-1.3.1.jar:/home/prashantsingh/.m2/repository/commons-collections/commons-collections/3.2.2/commons-collections-3.2.2.jar:/home/prashantsingh/.m2/repository/org/springframework/batch/spring-batch-admin-resources/1.3.1.RELEASE/spring-batch-admin-resources-1.3.1.RELEASE.jar:/home/prashantsingh/.m2/repository/org/springframework/cloud/spring-cloud-skipper-client/1.1.1.RELEASE/spring-cloud-skipper-client-1.1.1.RELEASE.jar:/home/prashantsingh/.m2/repository/org/springframework/cloud/spring-cloud-skipper/1.1.1.RELEASE/spring-cloud-skipper-1.1.1.RELEASE.jar:/home/prashantsingh/.m2/repository/org/springframework/data/spring-data-keyvalue/1.2.16.RELEASE/spring-data-keyvalue-1.2.16.RELEASE.jar:/home/prashantsingh/.m2/repository/com/fasterxml/jackson/dataformat/jackson-dataformat-yaml/2.8.11/jackson-dataformat-yaml-2.8.11.jar:/home/prashantsingh/.m2/repository/org/zeroturnaround/zt-zip/1.11/zt-zip-1.11.jar:/home/prashantsingh/.m2/repository/org/apache/commons/commons-lang3/3.4/commons-lang3-3.4.jar:/home/prashantsingh/.m2/repository/org/springframework/cloud/spring-cloud-dataflow-server-local-autoconfig/1.7.1.RELEASE/spring-cloud-dataflow-server-local-autoconfig-1.7.1.RELEASE.jar:/home/prashantsingh/.m2/repository/org/springframework/cloud/spring-cloud-deployer-resource-support/1.3.4.RELEASE/spring-cloud-deployer-resource-support-1.3.4.RELEASE.jar:/home/prashantsingh/.m2/repository/javax/xml/bind/jaxb-api/2.3.0/jaxb-api-2.3.0.jar:, java.specification.name=Java Platform API Specification, java.class.version=52.0, sun.management.compiler=HotSpot 64-Bit Tiered Compilers, os.version=4.15.0-46-generic, user.home=/home/prashantsingh, user.timezone=Asia/Kolkata, java.awt.printerjob=sun.print.PSPrinterJob, file.encoding=UTF-8, java.specification.version=1.8, java.class.path=/home/prashantsingh/Desktop/STS_Workspace/scdfdemo/target/test-classes:/home/prashantsingh/Desktop/STS_Workspace/scdfdemo/target/classes:/home/prashantsingh/.m2/repository/org/springframework/boot/spring-boot-starter/1.5.17.RELEASE/spring-boot-starter-1.5.17.RELEASE.jar:/home/prashantsingh/.m2/repository/org/springframework/boot/spring-boot/1.5.17.RELEASE/spring-boot-1.5.17.RELEASE.jar:/home/prashantsingh/.m2/repository/org/springframework/spring-context/4.3.20.RELEASE/spring-context-4.3.20.RELEASE.jar:/home/prashantsingh/.m2/repository/org/springframework/spring-aop/4.3.20.RELEASE/spring-aop-4.3.20.RELEASE.jar:/home/prashantsingh/.m2/repository/org/springframework/spring-beans/4.3.20.RELEASE/spring-beans-4.3.20.RELEASE.jar:/home/prashantsingh/.m2/repository/org/springframework/spring-expression/4.3.20.RELEASE/spring-expression-4.3.20.RELEASE.jar:/home/prashantsingh/.m2/repository/org/springframework/boot/spring-boot-autoconfigure/1.5.17.RELEASE/spring-boot-autoconfigure-1.5.17.RELEASE.jar:/home/prashantsingh/.m2/repository/org/springframework/boot/spring-boot-starter-logging/1.5.17.RELEASE/spring-boot-starter-logging-1.5.17.RELEASE.jar:/home/prashantsingh/.m2/repository/ch/qos/logback/logback-classic/1.1.11/logback-classic-1.1.11.jar:/home/prashantsingh/.m2/repository/ch/qos/logback/logback-core/1.1.11/logback-core-1.1.11.jar:/home/prashantsingh/.m2/repository/org/slf4j/jcl-over-slf4j/1.7.25/jcl-over-slf4j-1.7.25.jar:/home/prashantsingh/.m2/repository/org/slf4j/jul-to-slf4j/1.7.25/jul-to-slf4j-1.7.25.jar:/home/prashantsingh/.m2/repository/org/slf4j/log4j-over-slf4j/1.7.25/log4j-over-slf4j-1.7.25.jar:/home/prashantsingh/.m2/repository/org/springframework/spring-core/4.3.20.RELEASE/spring-core-4.3.20.RELEASE.jar:/home/prashantsingh/.m2/repository/org/yaml/snakeyaml/1.17/snakeyaml-1.17.jar:/home/prashantsingh/.m2/repository/org/springframework/boot/spring-boot-starter-test/1.5.17.RELEASE/spring-boot-starter-test-1.5.17.RELEASE.jar:/home/prashantsingh/.m2/repository/org/springframework/boot/spring-boot-test/1.5.17.RELEASE/spring-boot-test-1.5.17.RELEASE.jar:/home/prashantsingh/.m2/repository/org/springframework/boot/spring-boot-test-autoconfigure/1.5.17.RELEASE/spring-boot-test-autoconfigure-1.5.17.RELEASE.jar:/home/prashantsingh/.m2/repository/com/jayway/jsonpath/json-path/2.2.0/json-path-2.2.0.jar:/home/prashantsingh/.m2/repository/net/minidev/json-smart/2.2.1/json-smart-2.2.1.jar:/home/prashantsingh/.m2/repository/net/minidev/accessors-smart/1.1/accessors-smart-1.1.jar:/home/prashantsingh/.m2/repository/org/ow2/asm/asm/5.0.3/asm-5.0.3.jar:/home/prashantsingh/.m2/repository/org/slf4j/slf4j-api/1.7.25/slf4j-api-1.7.25.jar:/home/prashantsingh/.m2/repository/junit/junit/4.12/junit-4.12.jar:/home/prashantsingh/.m2/repository/org/assertj/assertj-core/2.6.0/assertj-core-2.6.0.jar:/home/prashantsingh/.m2/repository/org/mockito/mockito-core/1.10.19/mockito-core-1.10.19.jar:/home/prashantsingh/.m2/repository/org/objenesis/objenesis/2.1/objenesis-2.1.jar:/home/prashantsingh/.m2/repository/org/hamcrest/hamcrest-core/1.3/hamcrest-core-1.3.jar:/home/prashantsingh/.m2/repository/org/hamcrest/hamcrest-library/1.3/hamcrest-library-1.3.jar:/home/prashantsingh/.m2/repository/org/skyscreamer/jsonassert/1.4.0/jsonassert-1.4.0.jar:/home/prashantsingh/.m2/repository/com/vaadin/external/google/android-json/0.0.20131108.vaadin1/android-json-0.0.20131108.vaadin1.jar:/home/prashantsingh/.m2/repository/org/springframework/spring-test/4.3.20.RELEASE/spring-test-4.3.20.RELEASE.jar:/home/prashantsingh/.m2/repository/org/springframework/cloud/spring-cloud-starter-dataflow-server-local/1.7.1.RELEASE/spring-cloud-starter-dataflow-server-local-1.7.1.RELEASE.jar:/home/prashantsingh/.m2/repository/org/springframework/cloud/spring-cloud-deployer-local/1.3.9.RELEASE/spring-cloud-deployer-local-1.3.9.RELEASE.jar:/home/prashantsingh/.m2/repository/org/springframework/cloud/spring-cloud-deployer-spi/1.3.4.RELEASE/spring-cloud-deployer-spi-1.3.4.RELEASE.jar:/home/prashantsingh/.m2/repository/org/springframework/cloud/spring-cloud-deployer-resource-maven/1.3.4.RELEASE/spring-cloud-deployer-resource-maven-1.3.4.RELEASE.jar:/home/prashantsingh/.m2/repository/org/eclipse/aether/aether-impl/1.0.2.v20150114/aether-impl-1.0.2.v20150114.jar:/home/prashantsingh/.m2/repository/org/eclipse/aether/aether-api/1.0.2.v20150114/aether-api-1.0.2.v20150114.jar:/home/prashantsingh/.m2/repository/org/eclipse/aether/aether-spi/1.0.2.v20150114/aether-spi-1.0.2.v20150114.jar:/home/prashantsingh/.m2/repository/org/eclipse/aether/aether-util/1.0.2.v20150114/aether-util-1.0.2.v20150114.jar:/home/prashantsingh/.m2/repository/org/eclipse/aether/aether-connector-basic/1.0.2.v20150114/aether-connector-basic-1.0.2.v20150114.jar:/home/prashantsingh/.m2/repository/org/eclipse/aether/aether-transport-file/1.0.2.v20150114/aether-transport-file-1.0.2.v20150114.jar:/home/prashantsingh/.m2/repository/org/eclipse/aether/aether-transport-http/1.0.2.v20150114/aether-transport-http-1.0.2.v20150114.jar:/home/prashantsingh/.m2/repository/org/apache/maven/maven-aether-provider/3.2.1/maven-aether-provider-3.2.1.jar:/home/prashantsingh/.m2/repository/org/apache/maven/maven-model/3.2.1/maven-model-3.2.1.jar:/home/prashantsingh/.m2/repository/org/apache/maven/maven-model-builder/3.2.1/maven-model-builder-3.2.1.jar:/home/prashantsingh/.m2/repository/org/codehaus/plexus/plexus-interpolation/1.19/plexus-interpolation-1.19.jar:/home/prashantsingh/.m2/repository/org/apache/maven/maven-repository-metadata/3.2.1/maven-repository-metadata-3.2.1.jar:/home/prashantsingh/.m2/repository/org/codehaus/plexus/plexus-component-annotations/1.5.5/plexus-component-annotations-1.5.5.jar:/home/prashantsingh/.m2/repository/org/codehaus/plexus/plexus-utils/3.0.17/plexus-utils-3.0.17.jar:/home/prashantsingh/.m2/repository/org/springframework/cloud/spring-cloud-deployer-resource-docker/1.3.4.RELEASE/spring-cloud-deployer-resource-docker-1.3.4.RELEASE.jar:/home/prashantsingh/.m2/repository/org/springframework/spring-web/4.3.20.RELEASE/spring-web-4.3.20.RELEASE.jar:/home/prashantsingh/.m2/repository/com/fasterxml/jackson/core/jackson-databind/2.8.11.2/jackson-databind-2.8.11.2.jar:/home/prashantsingh/.m2/repository/com/fasterxml/jackson/core/jackson-annotations/2.8.0/jackson-annotations-2.8.0.jar:/home/prashantsingh/.m2/repository/com/fasterxml/jackson/core/jackson-core/2.8.11/jackson-core-2.8.11.jar:/home/prashantsingh/.m2/repository/org/springframework/boot/spring-boot-starter-validation/1.5.17.RELEASE/spring-boot-starter-validation-1.5.17.RELEASE.jar:/home/prashantsingh/.m2/repository/org/apache/tomcat/embed/tomcat-embed-el/8.5.34/tomcat-embed-el-8.5.34.jar:/home/prashantsingh/.m2/repository/org/hibernate/hibernate-validator/5.3.6.Final/hibernate-validator-5.3.6.Final.jar:/home/prashantsingh/.m2/repository/javax/validation/validation-api/1.1.0.Final/validation-api-1.1.0.Final.jar:/home/prashantsingh/.m2/repository/com/fasterxml/classmate/1.3.4/classmate-1.3.4.jar:/home/prashantsingh/.m2/repository/org/springframework/cloud/spring-cloud-dataflow-server-core/1.7.1.RELEASE/spring-cloud-dataflow-server-core-1.7.1.RELEASE.jar:/home/prashantsingh/.m2/repository/com/zaxxer/HikariCP/2.5.1/HikariCP-2.5.1.jar:/home/prashantsingh/.m2/repository/org/hibernate/hibernate-core/5.0.12.Final/hibernate-core-5.0.12.Final.jar:/home/prashantsingh/.m2/repository/org/jboss/logging/jboss-logging/3.3.2.Final/jboss-logging-3.3.2.Final.jar:/home/prashantsingh/.m2/repository/org/hibernate/javax/persistence/hibernate-jpa-2.1-api/1.0.0.Final/hibernate-jpa-2.1-api-1.0.0.Final.jar:/home/prashantsingh/.m2/repository/org/javassist/javassist/3.21.0-GA/javassist-3.21.0-GA.jar:/home/prashantsingh/.m2/repository/antlr/antlr/2.7.7/antlr-2.7.7.jar:/home/prashantsingh/.m2/repository/org/apache/geronimo/specs/geronimo-jta_1.1_spec/1.1.1/geronimo-jta_1.1_spec-1.1.1.jar:/home/prashantsingh/.m2/repository/org/jboss/jandex/2.0.0.Final/jandex-2.0.0.Final.jar:/home/prashantsingh/.m2/repository/dom4j/dom4j/1.6.1/dom4j-1.6.1.jar:/home/prashantsingh/.m2/repository/org/hibernate/common/hibernate-commons-annotations/5.0.1.Final/hibernate-commons-annotations-5.0.1.Final.jar:/home/prashantsingh/.m2/repository/org/hibernate/hibernate-entitymanager/5.0.12.Final/hibernate-entitymanager-5.0.12.Final.jar:/home/prashantsingh/.m2/repository/org/springframework/boot/spring-boot-starter-data-jpa/1.5.17.RELEASE/spring-boot-starter-data-jpa-1.5.17.RELEASE.jar:/home/prashantsingh/.m2/repository/org/springframework/boot/spring-boot-starter-aop/1.5.17.RELEASE/spring-boot-starter-aop-1.5.17.RELEASE.jar:/home/prashantsingh/.m2/repository/javax/transaction/javax.transaction-api/1.2/javax.transaction-api-1.2.jar:/home/prashantsingh/.m2/repository/org/springframework/data/spring-data-jpa/1.11.16.RELEASE/spring-data-jpa-1.11.16.RELEASE.jar:/home/prashantsingh/.m2/repository/org/springframework/spring-orm/4.3.20.RELEASE/spring-orm-4.3.20.RELEASE.jar:/home/prashantsingh/.m2/repository/org/springframework/spring-tx/4.3.20.RELEASE/spring-tx-4.3.20.RELEASE.jar:/home/prashantsingh/.m2/repository/org/springframework/spring-aspects/4.3.20.RELEASE/spring-aspects-4.3.20.RELEASE.jar:/home/prashantsingh/.m2/repository/org/springframework/cloud/spring-cloud-dataflow-configuration-metadata/1.7.1.RELEASE/spring-cloud-dataflow-configuration-metadata-1.7.1.RELEASE.jar:/home/prashantsingh/.m2/repository/org/springframework/boot/spring-boot-loader/1.5.17.RELEASE/spring-boot-loader-1.5.17.RELEASE.jar:/home/prashantsingh/.m2/repository/org/springframework/boot/spring-boot-configuration-metadata/1.5.17.RELEASE/spring-boot-configuration-metadata-1.5.17.RELEASE.jar:/home/prashantsingh/.m2/repository/org/springframework/cloud/spring-cloud-dataflow-completion/1.7.1.RELEASE/spring-cloud-dataflow-completion-1.7.1.RELEASE.jar:/home/prashantsingh/.m2/repository/org/springframework/cloud/spring-cloud-dataflow-core/1.7.1.RELEASE/spring-cloud-dataflow-core-1.7.1.RELEASE.jar:/home/prashantsingh/.m2/repository/commons-lang/commons-lang/2.4/commons-lang-2.4.jar:/home/prashantsingh/.m2/repository/org/springframework/cloud/spring-cloud-dataflow-rest-resource/1.7.1.RELEASE/spring-cloud-dataflow-rest-resource-1.7.1.RELEASE.jar:/home/prashantsingh/.m2/repository/org/springframework/batch/spring-batch-core/3.0.9.RELEASE/spring-batch-core-3.0.9.RELEASE.jar:/home/prashantsingh/.m2/repository/com/ibm/jbatch/com.ibm.jbatch-tck-spi/1.0/com.ibm.jbatch-tck-spi-1.0.jar:/home/prashantsingh/.m2/repository/javax/batch/javax.batch-api/1.0/javax.batch-api-1.0.jar:/home/prashantsingh/.m2/repository/com/thoughtworks/xstream/xstream/1.4.7/xstream-1.4.7.jar:/home/prashantsingh/.m2/repository/xmlpull/xmlpull/1.1.3.1/xmlpull-1.1.3.1.jar:/home/prashantsingh/.m2/repository/xpp3/xpp3_min/1.1.4c/xpp3_min-1.1.4c.jar:/home/prashantsingh/.m2/repository/org/codehaus/jettison/jettison/1.2/jettison-1.2.jar:/home/prashantsingh/.m2/repository/org/apache/httpcomponents/httpclient/4.5.6/httpclient-4.5.6.jar:/home/prashantsingh/.m2/repository/org/apache/httpcomponents/httpcore/4.4.10/httpcore-4.4.10.jar:/home/prashantsingh/.m2/repository/commons-codec/commons-codec/1.10/commons-codec-1.10.jar:/home/prashantsingh/.m2/repository/com/fasterxml/jackson/datatype/jackson-datatype-jsr310/2.8.11/jackson-datatype-jsr310-2.8.11.jar:/home/prashantsingh/.m2/repository/commons-io/commons-io/2.4/commons-io-2.4.jar:/home/prashantsingh/.m2/repository/org/springframework/cloud/spring-cloud-dataflow-registry/1.7.1.RELEASE/spring-cloud-dataflow-registry-1.7.1.RELEASE.jar:/home/prashantsingh/.m2/repository/org/springframework/cloud/spring-cloud-scheduler-spi/1.0.1.RELEASE/spring-cloud-scheduler-spi-1.0.1.RELEASE.jar:/home/prashantsingh/.m2/repository/org/springframework/boot/spring-boot-starter-web/1.5.17.RELEASE/spring-boot-starter-web-1.5.17.RELEASE.jar:/home/prashantsingh/.m2/repository/org/springframework/boot/spring-boot-starter-tomcat/1.5.17.RELEASE/spring-boot-starter-tomcat-1.5.17.RELEASE.jar:/home/prashantsingh/.m2/repository/org/apache/tomcat/embed/tomcat-embed-core/8.5.34/tomcat-embed-core-8.5.34.jar:/home/prashantsingh/.m2/repository/org/apache/tomcat/tomcat-annotations-api/8.5.34/tomcat-annotations-api-8.5.34.jar:/home/prashantsingh/.m2/repository/org/apache/tomcat/embed/tomcat-embed-websocket/8.5.34/tomcat-embed-websocket-8.5.34.jar:/home/prashantsingh/.m2/repository/org/springframework/spring-webmvc/4.3.20.RELEASE/spring-webmvc-4.3.20.RELEASE.jar:/home/prashantsingh/.m2/repository/org/springframework/boot/spring-boot-starter-data-redis/1.5.17.RELEASE/spring-boot-starter-data-redis-1.5.17.RELEASE.jar:/home/prashantsingh/.m2/repository/org/springframework/data/spring-data-redis/1.8.16.RELEASE/spring-data-redis-1.8.16.RELEASE.jar:/home/prashantsingh/.m2/repository/org/springframework/spring-oxm/4.3.20.RELEASE/spring-oxm-4.3.20.RELEASE.jar:/home/prashantsingh/.m2/repository/org/springframework/spring-context-support/4.3.20.RELEASE/spring-context-support-4.3.20.RELEASE.jar:/home/prashantsingh/.m2/repository/redis/clients/jedis/2.9.0/jedis-2.9.0.jar:/home/prashantsingh/.m2/repository/org/apache/commons/commons-pool2/2.4.3/commons-pool2-2.4.3.jar:/home/prashantsingh/.m2/repository/org/springframework/cloud/spring-cloud-starter-common-security-config-web/1.0.3.RELEASE/spring-cloud-starter-common-security-config-web-1.0.3.RELEASE.jar:/home/prashantsingh/.m2/repository/org/springframework/cloud/spring-cloud-common-security-config-web/1.0.3.RELEASE/spring-cloud-common-security-config-web-1.0.3.RELEASE.jar:/home/prashantsingh/.m2/repository/org/springframework/boot/spring-boot-starter-security/1.5.17.RELEASE/spring-boot-starter-security-1.5.17.RELEASE.jar:/home/prashantsingh/.m2/repository/org/springframework/security/spring-security-config/4.2.9.RELEASE/spring-security-config-4.2.9.RELEASE.jar:/home/prashantsingh/.m2/repository/org/springframework/security/spring-security-web/4.2.9.RELEASE/spring-security-web-4.2.9.RELEASE.jar:/home/prashantsingh/.m2/repository/org/springframework/security/spring-security-ldap/4.2.9.RELEASE/spring-security-ldap-4.2.9.RELEASE.jar:/home/prashantsingh/.m2/repository/org/springframework/ldap/spring-ldap-core/2.3.2.RELEASE/spring-ldap-core-2.3.2.RELEASE.jar:/home/prashantsingh/.m2/repository/org/springframework/security/spring-security-core/4.2.9.RELEASE/spring-security-core-4.2.9.RELEASE.jar:/home/prashantsingh/.m2/repository/aopalliance/aopalliance/1.0/aopalliance-1.0.jar:/home/prashantsingh/.m2/repository/org/springframework/security/oauth/spring-security-oauth2/2.0.16.RELEASE/spring-security-oauth2-2.0.16.RELEASE.jar:/home/prashantsingh/.m2/repository/org/springframework/session/spring-session/1.3.3.RELEASE/spring-session-1.3.3.RELEASE.jar:/home/prashantsingh/.m2/repository/org/springframework/cloud/spring-cloud-dataflow-ui/1.7.0.RELEASE/spring-cloud-dataflow-ui-1.7.0.RELEASE.jar:/home/prashantsingh/.m2/repository/org/springframework/boot/spring-boot-starter-actuator/1.5.17.RELEASE/spring-boot-starter-actuator-1.5.17.RELEASE.jar:/home/prashantsingh/.m2/repository/org/springframework/boot/spring-boot-actuator/1.5.17.RELEASE/spring-boot-actuator-1.5.17.RELEASE.jar:/home/prashantsingh/.m2/repository/org/springframework/hateoas/spring-hateoas/0.23.0.RELEASE/spring-hateoas-0.23.0.RELEASE.jar:/home/prashantsingh/.m2/repository/org/springframework/data/spring-data-commons/1.13.16.RELEASE/spring-data-commons-1.13.16.RELEASE.jar:/home/prashantsingh/.m2/repository/org/springframework/boot/spring-boot-starter-jdbc/1.5.17.RELEASE/spring-boot-starter-jdbc-1.5.17.RELEASE.jar:/home/prashantsingh/.m2/repository/org/springframework/spring-jdbc/4.3.20.RELEASE/spring-jdbc-4.3.20.RELEASE.jar:/home/prashantsingh/.m2/repository/org/springframework/plugin/spring-plugin-core/1.2.0.RELEASE/spring-plugin-core-1.2.0.RELEASE.jar:/home/prashantsingh/.m2/repository/org/springframework/analytics/spring-analytics/1.1.3.RELEASE/spring-analytics-1.1.3.RELEASE.jar:/home/prashantsingh/.m2/repository/org/springframework/retry/spring-retry/1.2.2.RELEASE/spring-retry-1.2.2.RELEASE.jar:/home/prashantsingh/.m2/repository/joda-time/joda-time/2.9.9/joda-time-2.9.9.jar:/home/prashantsingh/.m2/repository/org/springframework/cloud/spring-cloud-task-core/1.3.0.RELEASE/spring-cloud-task-core-1.3.0.RELEASE.jar:/home/prashantsingh/.m2/repository/org/springframework/batch/spring-batch-infrastructure/3.0.9.RELEASE/spring-batch-infrastructure-3.0.9.RELEASE.jar:/home/prashantsingh/.m2/repository/com/h2database/h2/1.4.197/h2-1.4.197.jar:/home/prashantsingh/.m2/repository/org/hsqldb/hsqldb/2.3.6/hsqldb-2.3.6.jar:/home/prashantsingh/.m2/repository/org/mariadb/jdbc/mariadb-java-client/1.5.9/mariadb-java-client-1.5.9.jar:/home/prashantsingh/.m2/repository/org/postgresql/postgresql/9.4.1212.jre7/postgresql-9.4.1212.jre7.jar:/home/prashantsingh/.m2/repository/com/microsoft/sqlserver/mssql-jdbc/6.1.0.jre7/mssql-jdbc-6.1.0.jre7.jar:/home/prashantsingh/.m2/repository/org/springframework/cloud/spring-cloud-starter-config/1.4.5.RELEASE/spring-cloud-starter-config-1.4.5.RELEASE.jar:/home/prashantsingh/.m2/repository/org/springframework/cloud/spring-cloud-starter/1.3.5.RELEASE/spring-cloud-starter-1.3.5.RELEASE.jar:/home/prashantsingh/.m2/repository/org/springframework/cloud/spring-cloud-context/1.3.5.RELEASE/spring-cloud-context-1.3.5.RELEASE.jar:/home/prashantsingh/.m2/repository/org/springframework/security/spring-security-crypto/4.2.9.RELEASE/spring-security-crypto-4.2.9.RELEASE.jar:/home/prashantsingh/.m2/repository/org/springframework/cloud/spring-cloud-commons/1.3.5.RELEASE/spring-cloud-commons-1.3.5.RELEASE.jar:/home/prashantsingh/.m2/repository/org/springframework/security/spring-security-rsa/1.0.3.RELEASE/spring-security-rsa-1.0.3.RELEASE.jar:/home/prashantsingh/.m2/repository/org/bouncycastle/bcpkix-jdk15on/1.55/bcpkix-jdk15on-1.55.jar:/home/prashantsingh/.m2/repository/org/bouncycastle/bcprov-jdk15on/1.55/bcprov-jdk15on-1.55.jar:/home/prashantsingh/.m2/repository/org/springframework/cloud/spring-cloud-config-client/1.4.5.RELEASE/spring-cloud-config-client-1.4.5.RELEASE.jar:/home/prashantsingh/.m2/repository/org/springframework/cloud/spring-cloud-starter-hystrix/1.4.6.RELEASE/spring-cloud-starter-hystrix-1.4.6.RELEASE.jar:/home/prashantsingh/.m2/repository/org/springframework/cloud/spring-cloud-starter-netflix-hystrix/1.4.6.RELEASE/spring-cloud-starter-netflix-hystrix-1.4.6.RELEASE.jar:/home/prashantsingh/.m2/repository/org/springframework/cloud/spring-cloud-netflix-core/1.4.6.RELEASE/spring-cloud-netflix-core-1.4.6.RELEASE.jar:/home/prashantsingh/.m2/repository/org/springframework/cloud/spring-cloud-starter-netflix-archaius/1.4.6.RELEASE/spring-cloud-starter-netflix-archaius-1.4.6.RELEASE.jar:/home/prashantsingh/.m2/repository/com/netflix/archaius/archaius-core/0.7.4/archaius-core-0.7.4.jar:/home/prashantsingh/.m2/repository/com/google/code/findbugs/jsr305/3.0.1/jsr305-3.0.1.jar:/home/prashantsingh/.m2/repository/commons-configuration/commons-configuration/1.8/commons-configuration-1.8.jar:/home/prashantsingh/.m2/repository/com/google/guava/guava/18.0/guava-18.0.jar:/home/prashantsingh/.m2/repository/com/netflix/hystrix/hystrix-core/1.5.12/hystrix-core-1.5.12.jar:/home/prashantsingh/.m2/repository/io/reactivex/rxjava/1.2.0/rxjava-1.2.0.jar:/home/prashantsingh/.m2/repository/org/hdrhistogram/HdrHistogram/2.1.9/HdrHistogram-2.1.9.jar:/home/prashantsingh/.m2/repository/com/netflix/hystrix/hystrix-metrics-event-stream/1.5.12/hystrix-metrics-event-stream-1.5.12.jar:/home/prashantsingh/.m2/repository/com/netflix/hystrix/hystrix-serialization/1.5.12/hystrix-serialization-1.5.12.jar:/home/prashantsingh/.m2/repository/com/fasterxml/jackson/module/jackson-module-afterburner/2.8.11/jackson-module-afterburner-2.8.11.jar:/home/prashantsingh/.m2/repository/com/netflix/hystrix/hystrix-javanica/1.5.12/hystrix-javanica-1.5.12.jar:/home/prashantsingh/.m2/repository/org/springframework/batch/spring-batch-admin-manager/1.3.1.RELEASE/spring-batch-admin-manager-1.3.1.RELEASE.jar:/home/prashantsingh/.m2/repository/org/aspectj/aspectjrt/1.8.13/aspectjrt-1.8.13.jar:/home/prashantsingh/.m2/repository/org/aspectj/aspectjweaver/1.8.13/aspectjweaver-1.8.13.jar:/home/prashantsingh/.m2/repository/org/springframework/batch/spring-batch-integration/3.0.9.RELEASE/spring-batch-integration-3.0.9.RELEASE.jar:/home/prashantsingh/.m2/repository/org/springframework/spring-messaging/4.3.20.RELEASE/spring-messaging-4.3.20.RELEASE.jar:/home/prashantsingh/.m2/repository/org/springframework/integration/spring-integration-core/4.3.17.RELEASE/spring-integration-core-4.3.17.RELEASE.jar:/home/prashantsingh/.m2/repository/org/springframework/integration/spring-integration-jmx/4.3.17.RELEASE/spring-integration-jmx-4.3.17.RELEASE.jar:/home/prashantsingh/.m2/repository/org/springframework/integration/spring-integration-http/4.3.17.RELEASE/spring-integration-http-4.3.17.RELEASE.jar:/home/prashantsingh/.m2/repository/org/springframework/integration/spring-integration-file/4.3.17.RELEASE/spring-integration-file-4.3.17.RELEASE.jar:/home/prashantsingh/.m2/repository/commons-fileupload/commons-fileupload/1.3.1/commons-fileupload-1.3.1.jar:/home/prashantsingh/.m2/repository/commons-collections/commons-collections/3.2.2/commons-collections-3.2.2.jar:/home/prashantsingh/.m2/repository/org/springframework/batch/spring-batch-admin-resources/1.3.1.RELEASE/spring-batch-admin-resources-1.3.1.RELEASE.jar:/home/prashantsingh/.m2/repository/org/springframework/cloud/spring-cloud-skipper-client/1.1.1.RELEASE/spring-cloud-skipper-client-1.1.1.RELEASE.jar:/home/prashantsingh/.m2/repository/org/springframework/cloud/spring-cloud-skipper/1.1.1.RELEASE/spring-cloud-skipper-1.1.1.RELEASE.jar:/home/prashantsingh/.m2/repository/org/springframework/data/spring-data-keyvalue/1.2.16.RELEASE/spring-data-keyvalue-1.2.16.RELEASE.jar:/home/prashantsingh/.m2/repository/com/fasterxml/jackson/dataformat/jackson-dataformat-yaml/2.8.11/jackson-dataformat-yaml-2.8.11.jar:/home/prashantsingh/.m2/repository/org/zeroturnaround/zt-zip/1.11/zt-zip-1.11.jar:/home/prashantsingh/.m2/repository/org/apache/commons/commons-lang3/3.4/commons-lang3-3.4.jar:/home/prashantsingh/.m2/repository/org/springframework/cloud/spring-cloud-dataflow-server-local-autoconfig/1.7.1.RELEASE/spring-cloud-dataflow-server-local-autoconfig-1.7.1.RELEASE.jar:/home/prashantsingh/.m2/repository/org/springframework/cloud/spring-cloud-deployer-resource-support/1.3.4.RELEASE/spring-cloud-deployer-resource-support-1.3.4.RELEASE.jar:/home/prashantsingh/.m2/repository/javax/xml/bind/jaxb-api/2.3.0/jaxb-api-2.3.0.jar:, user.name=prashantsingh, java.vm.specification.version=1.8, sun.java.command=/home/prashantsingh/Desktop/STS_Workspace/scdfdemo/target/surefire/surefirebooter234399118528827034.jar /home/prashantsingh/Desktop/STS_Workspace/scdfdemo/target/surefire/surefire560631714409933119tmp /home/prashantsingh/Desktop/STS_Workspace/scdfdemo/target/surefire/surefire_07542256597628973176tmp, java.home=/usr/lib/jvm/java-8-oracle/jre, sun.arch.data.model=64, user.language=en, java.specification.vendor=Oracle Corporation, awt.toolkit=sun.awt.X11.XToolkit, java.vm.info=mixed mode, java.version=1.8.0_201, java.ext.dirs=/usr/lib/jvm/java-8-oracle/jre/lib/ext:/usr/java/packages/lib/ext, sun.boot.class.path=/usr/lib/jvm/java-8-oracle/jre/lib/resources.jar:/usr/lib/jvm/java-8-oracle/jre/lib/rt.jar:/usr/lib/jvm/java-8-oracle/jre/lib/sunrsasign.jar:/usr/lib/jvm/java-8-oracle/jre/lib/jsse.jar:/usr/lib/jvm/java-8-oracle/jre/lib/jce.jar:/usr/lib/jvm/java-8-oracle/jre/lib/charsets.jar:/usr/lib/jvm/java-8-oracle/jre/lib/jfr.jar:/usr/lib/jvm/java-8-oracle/jre/classes, java.vendor=Oracle Corporation, localRepository=/home/prashantsingh/.m2/repository, file.separator=/, java.vendor.url.bug=http://bugreport.sun.com/bugreport/, sun.io.unicode.encoding=UnicodeLittle, sun.cpu.endian=little, sun.desktop=gnome, sun.cpu.isalist=}}, SystemEnvironmentPropertySource@1739876329 {name='systemEnvironment', properties={PATH=/usr/local/sbin:/usr/local/bin:/usr/sbin:/usr/bin:/sbin:/bin:/usr/games:/usr/local/games:/snap/bin:/usr/lib/jvm/java-8-oracle/bin:/usr/lib/jvm/java-8-oracle/db/bin:/usr/lib/jvm/java-8-oracle/jre/bin, XAUTHORITY=/run/user/1000/gdm/Xauthority, INVOCATION_ID=71206ed20b03400188a8826c01ec43ae, XMODIFIERS=@im=ibus, XDG_DATA_DIRS=/usr/share/ubuntu:/usr/local/share:/usr/share:/var/lib/snapd/desktop, GDMSESSION=ubuntu, TEXTDOMAINDIR=/usr/share/locale/, GTK_IM_MODULE=ibus, DBUS_SESSION_BUS_ADDRESS=unix:path=/run/user/1000/bus,guid=411fd1550d463e108f3b2fd85cadbf88, XDG_CURRENT_DESKTOP=ubuntu:GNOME, JOURNAL_STREAM=9:38974, SSH_AGENT_PID=2587, QT4_IM_MODULE=xim, SESSION_MANAGER=local/ankit:@/tmp/.ICE-unix/2492,unix/ankit:/tmp/.ICE-unix/2492, USERNAME=prashantsingh, LOGNAME=prashantsingh, PWD=/home/prashantsingh/Desktop/STS_Workspace/scdfdemo, MANAGERPID=2463, DERBY_HOME=/usr/lib/jvm/java-8-oracle/db, IM_CONFIG_PHASE=2, LANGUAGE=en_IN:en, SHELL=/bin/bash, J2SDKDIR=/usr/lib/jvm/java-8-oracle, OLDPWD=/home/prashantsingh/Desktop/STS_Workspace/scdfdemo, GNOME_DESKTOP_SESSION_ID=this-is-deprecated, GTK_MODULES=gail:atk-bridge, J2REDIR=/usr/lib/jvm/java-8-oracle/jre, CLUTTER_IM_MODULE=xim, TEXTDOMAIN=im-config, DBUS_STARTER_ADDRESS=unix:path=/run/user/1000/bus,guid=411fd1550d463e108f3b2fd85cadbf88, XDG_SESSION_DESKTOP=ubuntu, SHLVL=0, OXYGEN_DISABLE_INNER_SHADOWS_HACK=1, QT_IM_MODULE=ibus, JAVA_HOME=/usr/lib/jvm/java-8-oracle, XDG_CONFIG_DIRS=/etc/xdg/xdg-ubuntu:/etc/xdg, LANG=en_IN, XDG_SESSION_ID=3, XDG_SESSION_TYPE=x11, DISPLAY=:0, _=/usr/bin/dbus-update-activation-environment, LIBOVERLAY_SCROLLBAR=0, GPG_AGENT_INFO=/run/user/1000/gnupg/S.gpg-agent:0:1, GDK_CORE_DEVICE_EVENTS=1, DESKTOP_SESSION=ubuntu, USER=prashantsingh, XDG_MENU_PREFIX=gnome-, QT_ACCESSIBILITY=1, WINDOWPATH=2, SSH_AUTH_SOCK=/run/user/1000/keyring/ssh, XDG_SEAT=seat0, GNOME_SHELL_SESSION_MODE=ubuntu, XDG_VTNR=2, XDG_RUNTIME_DIR=/run/user/1000, DBUS_STARTER_BUS_TYPE=session, HOME=/home/prashantsingh}}]
18:14:19.375 [main] DEBUG org.springframework.core.io.support.PathMatchingResourcePatternResolver - Resolved classpath location [com/scdfdemo/scdfdemo/] to resources [URL [file:/home/prashantsingh/Desktop/STS_Workspace/scdfdemo/target/test-classes/com/scdfdemo/scdfdemo/], URL [file:/home/prashantsingh/Desktop/STS_Workspace/scdfdemo/target/classes/com/scdfdemo/scdfdemo/]]
18:14:19.381 [main] DEBUG org.springframework.core.io.support.PathMatchingResourcePatternResolver - Looking for matching resources in directory tree [/home/prashantsingh/Desktop/STS_Workspace/scdfdemo/target/test-classes/com/scdfdemo/scdfdemo]
18:14:19.382 [main] DEBUG org.springframework.core.io.support.PathMatchingResourcePatternResolver - Searching directory [/home/prashantsingh/Desktop/STS_Workspace/scdfdemo/target/test-classes/com/scdfdemo/scdfdemo] for files matching pattern [/home/prashantsingh/Desktop/STS_Workspace/scdfdemo/target/test-classes/com/scdfdemo/scdfdemo/*.class]
18:14:19.392 [main] DEBUG org.springframework.core.io.support.PathMatchingResourcePatternResolver - Looking for matching resources in directory tree [/home/prashantsingh/Desktop/STS_Workspace/scdfdemo/target/classes/com/scdfdemo/scdfdemo]
18:14:19.392 [main] DEBUG org.springframework.core.io.support.PathMatchingResourcePatternResolver - Searching directory [/home/prashantsingh/Desktop/STS_Workspace/scdfdemo/target/classes/com/scdfdemo/scdfdemo] for files matching pattern [/home/prashantsingh/Desktop/STS_Workspace/scdfdemo/target/classes/com/scdfdemo/scdfdemo/*.class]
18:14:19.393 [main] DEBUG org.springframework.core.io.support.PathMatchingResourcePatternResolver - Resolved location pattern [classpath*:com/scdfdemo/scdfdemo/*.class] to resources [file [/home/prashantsingh/Desktop/STS_Workspace/scdfdemo/target/test-classes/com/scdfdemo/scdfdemo/ScdfdemoApplicationTests.class], file [/home/prashantsingh/Desktop/STS_Workspace/scdfdemo/target/classes/com/scdfdemo/scdfdemo/ScdfdemoApplication.class]]
18:14:19.475 [main] DEBUG org.springframework.context.annotation.ClassPathScanningCandidateComponentProvider - Identified candidate component class: file [/home/prashantsingh/Desktop/STS_Workspace/scdfdemo/target/classes/com/scdfdemo/scdfdemo/ScdfdemoApplication.class]
18:14:19.477 [main] INFO org.springframework.boot.test.context.SpringBootTestContextBootstrapper - Found @SpringBootConfiguration com.scdfdemo.scdfdemo.ScdfdemoApplication for test class com.scdfdemo.scdfdemo.ScdfdemoApplicationTests
18:14:19.484 [main] DEBUG org.springframework.boot.test.context.SpringBootTestContextBootstrapper - @TestExecutionListeners is not present for class [com.scdfdemo.scdfdemo.ScdfdemoApplicationTests]: using defaults.
18:14:19.497 [main] INFO org.springframework.boot.test.context.SpringBootTestContextBootstrapper - Loaded default TestExecutionListener class names from location [META-INF/spring.factories]: [org.springframework.boot.test.mock.mockito.MockitoTestExecutionListener, org.springframework.boot.test.mock.mockito.ResetMocksTestExecutionListener, org.springframework.boot.test.autoconfigure.restdocs.RestDocsTestExecutionListener, org.springframework.boot.test.autoconfigure.web.client.MockRestServiceServerResetTestExecutionListener, org.springframework.boot.test.autoconfigure.web.servlet.MockMvcPrintOnlyOnFailureTestExecutionListener, org.springframework.boot.test.autoconfigure.web.servlet.WebDriverTestExecutionListener, org.springframework.test.context.web.ServletTestExecutionListener, org.springframework.test.context.support.DirtiesContextBeforeModesTestExecutionListener, org.springframework.test.context.support.DependencyInjectionTestExecutionListener, org.springframework.test.context.support.DirtiesContextTestExecutionListener, org.springframework.test.context.transaction.TransactionalTestExecutionListener, org.springframework.test.context.jdbc.SqlScriptsTestExecutionListener]
18:14:19.547 [main] INFO org.springframework.boot.test.context.SpringBootTestContextBootstrapper - Using TestExecutionListeners: [org.springframework.test.context.web.ServletTestExecutionListener@75f32542, org.springframework.test.context.support.DirtiesContextBeforeModesTestExecutionListener@7f1302d6, org.springframework.boot.test.mock.mockito.MockitoTestExecutionListener@43ee72e6, org.springframework.boot.test.autoconfigure.SpringBootDependencyInjectionTestExecutionListener@23529fee, org.springframework.test.context.support.DirtiesContextTestExecutionListener@4fe767f3, org.springframework.test.context.transaction.TransactionalTestExecutionListener@2805c96b, org.springframework.test.context.jdbc.SqlScriptsTestExecutionListener@184cf7cf, org.springframework.boot.test.mock.mockito.ResetMocksTestExecutionListener@2fd6b6c7, org.springframework.boot.test.autoconfigure.restdocs.RestDocsTestExecutionListener@5bfa9431, org.springframework.boot.test.autoconfigure.web.client.MockRestServiceServerResetTestExecutionListener@5db250b4, org.springframework.boot.test.autoconfigure.web.servlet.MockMvcPrintOnlyOnFailureTestExecutionListener@223f3642, org.springframework.boot.test.autoconfigure.web.servlet.WebDriverTestExecutionListener@38c5cc4c]
18:14:19.583 [main] DEBUG org.springframework.test.annotation.ProfileValueUtils - Retrieved @ProfileValueSourceConfiguration [null] for test class [com.scdfdemo.scdfdemo.ScdfdemoApplicationTests]
18:14:19.584 [main] DEBUG org.springframework.test.annotation.ProfileValueUtils - Retrieved ProfileValueSource type [class org.springframework.test.annotation.SystemProfileValueSource] for class [com.scdfdemo.scdfdemo.ScdfdemoApplicationTests]
18:14:19.588 [main] DEBUG org.springframework.test.context.junit4.SpringJUnit4ClassRunner - SpringJUnit4ClassRunner constructor called with [class com.scdfdemo.scdfdemo.ScdfdemoApplicationTests]
18:14:19.588 [main] DEBUG org.springframework.test.context.BootstrapUtils - Instantiating CacheAwareContextLoaderDelegate from class [org.springframework.test.context.cache.DefaultCacheAwareContextLoaderDelegate]
18:14:19.589 [main] DEBUG org.springframework.test.context.BootstrapUtils - Instantiating BootstrapContext using constructor [public org.springframework.test.context.support.DefaultBootstrapContext(java.lang.Class,org.springframework.test.context.CacheAwareContextLoaderDelegate)]
18:14:19.590 [main] DEBUG org.springframework.test.context.BootstrapUtils - Instantiating TestContextBootstrapper for test class [com.scdfdemo.scdfdemo.ScdfdemoApplicationTests] from class [org.springframework.boot.test.context.SpringBootTestContextBootstrapper]
18:14:19.591 [main] INFO org.springframework.boot.test.context.SpringBootTestContextBootstrapper - Neither @ContextConfiguration nor @ContextHierarchy found for test class [com.scdfdemo.scdfdemo.ScdfdemoApplicationTests], using SpringBootContextLoader
18:14:19.593 [main] DEBUG org.springframework.test.context.support.AbstractContextLoader - Did not detect default resource location for test class [com.scdfdemo.scdfdemo.ScdfdemoApplicationTests]: class path resource [com/scdfdemo/scdfdemo/ScdfdemoApplicationTests-context.xml] does not exist
18:14:19.594 [main] DEBUG org.springframework.test.context.support.AbstractContextLoader - Did not detect default resource location for test class [com.scdfdemo.scdfdemo.ScdfdemoApplicationTests]: class path resource [com/scdfdemo/scdfdemo/ScdfdemoApplicationTestsContext.groovy] does not exist
18:14:19.594 [main] INFO org.springframework.test.context.support.AbstractContextLoader - Could not detect default resource locations for test class [com.scdfdemo.scdfdemo.ScdfdemoApplicationTests]: no resource found for suffixes {-context.xml, Context.groovy}.
18:14:19.594 [main] INFO org.springframework.test.context.support.AnnotationConfigContextLoaderUtils - Could not detect default configuration classes for test class [com.scdfdemo.scdfdemo.ScdfdemoApplicationTests]: ScdfdemoApplicationTests does not declare any static, non-private, non-final, nested classes annotated with @Configuration.
18:14:19.631 [main] DEBUG org.springframework.test.context.support.ActiveProfilesUtils - Could not find an 'annotation declaring class' for annotation type [org.springframework.test.context.ActiveProfiles] and class [com.scdfdemo.scdfdemo.ScdfdemoApplicationTests]
18:14:19.632 [main] DEBUG org.springframework.core.env.StandardEnvironment - Adding PropertySource 'systemProperties' with lowest search precedence
18:14:19.632 [main] DEBUG org.springframework.core.env.StandardEnvironment - Adding PropertySource 'systemEnvironment' with lowest search precedence
18:14:19.633 [main] DEBUG org.springframework.core.env.StandardEnvironment - Initialized StandardEnvironment with PropertySources [MapPropertySource@6750210 {name='systemProperties', properties={java.runtime.name=Java(TM) SE Runtime Environment, sun.boot.library.path=/usr/lib/jvm/java-8-oracle/jre/lib/amd64, java.vm.version=25.201-b09, java.vm.vendor=Oracle Corporation, java.vendor.url=http://java.oracle.com/, java.rmi.server.randomIDs=true, path.separator=:, java.vm.name=Java HotSpot(TM) 64-Bit Server VM, file.encoding.pkg=sun.io, user.country=IN, sun.java.launcher=SUN_STANDARD, sun.os.patch.level=unknown, java.vm.specification.name=Java Virtual Machine Specification, user.dir=/home/prashantsingh/Desktop/STS_Workspace/scdfdemo, java.runtime.version=1.8.0_201-b09, basedir=/home/prashantsingh/Desktop/STS_Workspace/scdfdemo, java.awt.graphicsenv=sun.awt.X11GraphicsEnvironment, java.endorsed.dirs=/usr/lib/jvm/java-8-oracle/jre/lib/endorsed, os.arch=amd64, surefire.real.class.path=/home/prashantsingh/Desktop/STS_Workspace/scdfdemo/target/surefire/surefirebooter234399118528827034.jar, java.io.tmpdir=/tmp, line.separator=
, java.vm.specification.vendor=Oracle Corporation, os.name=Linux, sun.jnu.encoding=UTF-8, java.library.path=/usr/java/packages/lib/amd64:/usr/lib64:/lib64:/lib:/usr/lib, surefire.test.class.path=/home/prashantsingh/Desktop/STS_Workspace/scdfdemo/target/test-classes:/home/prashantsingh/Desktop/STS_Workspace/scdfdemo/target/classes:/home/prashantsingh/.m2/repository/org/springframework/boot/spring-boot-starter/1.5.17.RELEASE/spring-boot-starter-1.5.17.RELEASE.jar:/home/prashantsingh/.m2/repository/org/springframework/boot/spring-boot/1.5.17.RELEASE/spring-boot-1.5.17.RELEASE.jar:/home/prashantsingh/.m2/repository/org/springframework/spring-context/4.3.20.RELEASE/spring-context-4.3.20.RELEASE.jar:/home/prashantsingh/.m2/repository/org/springframework/spring-aop/4.3.20.RELEASE/spring-aop-4.3.20.RELEASE.jar:/home/prashantsingh/.m2/repository/org/springframework/spring-beans/4.3.20.RELEASE/spring-beans-4.3.20.RELEASE.jar:/home/prashantsingh/.m2/repository/org/springframework/spring-expression/4.3.20.RELEASE/spring-expression-4.3.20.RELEASE.jar:/home/prashantsingh/.m2/repository/org/springframework/boot/spring-boot-autoconfigure/1.5.17.RELEASE/spring-boot-autoconfigure-1.5.17.RELEASE.jar:/home/prashantsingh/.m2/repository/org/springframework/boot/spring-boot-starter-logging/1.5.17.RELEASE/spring-boot-starter-logging-1.5.17.RELEASE.jar:/home/prashantsingh/.m2/repository/ch/qos/logback/logback-classic/1.1.11/logback-classic-1.1.11.jar:/home/prashantsingh/.m2/repository/ch/qos/logback/logback-core/1.1.11/logback-core-1.1.11.jar:/home/prashantsingh/.m2/repository/org/slf4j/jcl-over-slf4j/1.7.25/jcl-over-slf4j-1.7.25.jar:/home/prashantsingh/.m2/repository/org/slf4j/jul-to-slf4j/1.7.25/jul-to-slf4j-1.7.25.jar:/home/prashantsingh/.m2/repository/org/slf4j/log4j-over-slf4j/1.7.25/log4j-over-slf4j-1.7.25.jar:/home/prashantsingh/.m2/repository/org/springframework/spring-core/4.3.20.RELEASE/spring-core-4.3.20.RELEASE.jar:/home/prashantsingh/.m2/repository/org/yaml/snakeyaml/1.17/snakeyaml-1.17.jar:/home/prashantsingh/.m2/repository/org/springframework/boot/spring-boot-starter-test/1.5.17.RELEASE/spring-boot-starter-test-1.5.17.RELEASE.jar:/home/prashantsingh/.m2/repository/org/springframework/boot/spring-boot-test/1.5.17.RELEASE/spring-boot-test-1.5.17.RELEASE.jar:/home/prashantsingh/.m2/repository/org/springframework/boot/spring-boot-test-autoconfigure/1.5.17.RELEASE/spring-boot-test-autoconfigure-1.5.17.RELEASE.jar:/home/prashantsingh/.m2/repository/com/jayway/jsonpath/json-path/2.2.0/json-path-2.2.0.jar:/home/prashantsingh/.m2/repository/net/minidev/json-smart/2.2.1/json-smart-2.2.1.jar:/home/prashantsingh/.m2/repository/net/minidev/accessors-smart/1.1/accessors-smart-1.1.jar:/home/prashantsingh/.m2/repository/org/ow2/asm/asm/5.0.3/asm-5.0.3.jar:/home/prashantsingh/.m2/rep
[...]
2019-04-10 18:14:30.576  INFO 21705 --- [           main] com.zaxxer.hikari.pool.HikariPool        : HikariPool-1 - Closed.
2019-04-10 18:14:30.624 ERROR 21705 --- [           main] o.s.boot.SpringApplication               : Application startup failed

org.springframework.beans.factory.BeanCreationException: Error creating bean with name 'entityManagerFactory' defined in class path resource [org/springframework/boot/autoconfigure/orm/jpa/HibernateJpaAutoConfiguration.class]: Invocation of init method failed; nested exception is org.hibernate.AnnotationException: AttributeConverter and explicit Type cannot be applied to same attribute [org.springframework.cloud.dataflow.registry.domain.AppRegistration.metadataUri];remove @Type or specify @Convert(disableConversion = true)
	at org.springframework.beans.factory.support.AbstractAutowireCapableBeanFactory.initializeBean(AbstractAutowireCapableBeanFactory.java:1631) ~[spring-beans-4.3.20.RELEASE.jar:4.3.20.RELEASE]
	at org.springframework.beans.factory.support.AbstractAutowireCapableBeanFactory.doCreateBean(AbstractAutowireCapableBeanFactory.java:553) ~[spring-beans-4.3.20.RELEASE.jar:4.3.20.RELEASE]
	at org.springframework.beans.factory.support.AbstractAutowireCapableBeanFactory.createBean(AbstractAutowireCapableBeanFactory.java:481) ~[spring-beans-4.3.20.RELEASE.jar:4.3.20.RELEASE]
	at org.springframework.beans.factory.support.AbstractBeanFactory$1.getObject(AbstractBeanFactory.java:312) ~[spring-beans-4.3.20.RELEASE.jar:4.3.20.RELEASE]
	at org.springframework.beans.factory.support.DefaultSingletonBeanRegistry.getSingleton(DefaultSingletonBeanRegistry.java:230) ~[spring-beans-4.3.20.RELEASE.jar:4.3.20.RELEASE]
	at org.springframework.beans.factory.support.AbstractBeanFactory.doGetBean(AbstractBeanFactory.java:308) ~[spring-beans-4.3.20.RELEASE.jar:4.3.20.RELEASE]
	at org.springframework.beans.factory.support.AbstractBeanFactory.getBean(AbstractBeanFactory.java:197) ~[spring-beans-4.3.20.RELEASE.jar:4.3.20.RELEASE]
	at org.springframework.context.support.AbstractApplicationContext.getBean(AbstractApplicationContext.java:1080) ~[spring-context-4.3.20.RELEASE.jar:4.3.20.RELEASE]
	at org.springframework.context.support.AbstractApplicationContext.finishBeanFactoryInitialization(AbstractApplicationContext.java:857) ~[spring-context-4.3.20.RELEASE.jar:4.3.20.RELEASE]
	at org.springframework.context.support.AbstractApplicationContext.refresh(AbstractApplicationContext.java:543) ~[spring-context-4.3.20.RELEASE.jar:4.3.20.RELEASE]
	at org.springframework.boot.SpringApplication.refresh(SpringApplication.java:693) ~[spring-boot-1.5.17.RELEASE.jar:1.5.17.RELEASE]
	at org.springframework.boot.SpringApplication.refreshContext(SpringApplication.java:360) ~[spring-boot-1.5.17.RELEASE.jar:1.5.17.RELEASE]
	at org.springframework.boot.SpringApplication.run(SpringApplication.java:303) ~[spring-boot-1.5.17.RELEASE.jar:1.5.17.RELEASE]
	at org.springframework.boot.test.context.SpringBootContextLoader.loadContext(SpringBootContextLoader.java:121) [spring-boot-test-1.5.17.RELEASE.jar:1.5.17.RELEASE]
	at org.springframework.test.context.cache.DefaultCacheAwareContextLoaderDelegate.loadContextInternal(DefaultCacheAwareContextLoaderDelegate.java:98) [spring-test-4.3.20.RELEASE.jar:4.3.20.RELEASE]
	at org.springframework.test.context.cache.DefaultCacheAwareContextLoaderDelegate.loadContext(DefaultCacheAwareContextLoaderDelegate.java:116) [spring-test-4.3.20.RELEASE.jar:4.3.20.RELEASE]
	at org.springframework.test.context.support.DefaultTestContext.getApplicationContext(DefaultTestContext.java:83) [spring-test-4.3.20.RELEASE.jar:4.3.20.RELEASE]
	at org.springframework.test.context.web.ServletTestExecutionListener.setUpRequestContextIfNecessary(ServletTestExecutionListener.java:189) [spring-test-4.3.20.RELEASE.jar:4.3.20.RELEASE]
	at org.springframework.test.context.web.ServletTestExecutionListener.prepareTestInstance(ServletTestExecutionListener.java:131) [spring-test-4.3.20.RELEASE.jar:4.3.20.RELEASE]
	at org.springframework.test.context.TestContextManager.prepareTestInstance(TestContextManager.java:230) [spring-test-4.3.20.RELEASE.jar:4.3.20.RELEASE]
	at org.springframework.test.context.junit4.SpringJUnit4ClassRunner.createTest(SpringJUnit4ClassRunner.java:228) [spring-test-4.3.20.RELEASE.jar:4.3.20.RELEASE]
	at org.springframework.test.context.junit4.SpringJUnit4ClassRunner$1.runReflectiveCall(SpringJUnit4ClassRunner.java:287) [spring-test-4.3.20.RELEASE.jar:4.3.20.RELEASE]
	at org.junit.internal.runners.model.ReflectiveCallable.run(ReflectiveCallable.java:12) [junit-4.12.jar:4.12]
	at org.springframework.test.context.junit4.SpringJUnit4ClassRunner.methodBlock(SpringJUnit4ClassRunner.java:289) [spring-test-4.3.20.RELEASE.jar:4.3.20.RELEASE]
	at org.springframework.test.context.junit4.SpringJUnit4ClassRunner.runChild(SpringJUnit4ClassRunner.java:247) [spring-test-4.3.20.RELEASE.jar:4.3.20.RELEASE]
	at org.springframework.test.context.junit4.SpringJUnit4ClassRunner.runChild(SpringJUnit4ClassRunner.java:94) [spring-test-4.3.20.RELEASE.jar:4.3.20.RELEASE]
	at org.junit.runners.ParentRunner$3.run(ParentRunner.java:290) [junit-4.12.jar:4.12]
	at org.junit.runners.ParentRunner$1.schedule(ParentRunner.java:71) [junit-4.12.jar:4.12]
	at org.junit.runners.ParentRunner.runChildren(ParentRunner.java:288) [junit-4.12.jar:4.12]
	at org.junit.runners.ParentRunner.access$000(ParentRunner.java:58) [junit-4.12.jar:4.12]
	at org.junit.runners.ParentRunner$2.evaluate(ParentRunner.java:268) [junit-4.12.jar:4.12]
	at org.springframework.test.context.junit4.statements.RunBeforeTestClassCallbacks.evaluate(RunBeforeTestClassCallbacks.java:61) [spring-test-4.3.20.RELEASE.jar:4.3.20.RELEASE]
	at org.springframework.test.context.junit4.statements.RunAfterTestClassCallbacks.evaluate(RunAfterTestClassCallbacks.java:70) [spring-test-4.3.20.RELEASE.jar:4.3.20.RELEASE]
	at org.junit.runners.ParentRunner.run(ParentRunner.java:363) [junit-4.12.jar:4.12]
	at org.springframework.test.context.junit4.SpringJUnit4ClassRunner.run(SpringJUnit4ClassRunner.java:191) [spring-test-4.3.20.RELEASE.jar:4.3.20.RELEASE]
	at org.apache.maven.surefire.junit4.JUnit4Provider.execute(JUnit4Provider.java:283) [surefire-junit4-2.18.1.jar:2.18.1]
	at org.apache.maven.surefire.junit4.JUnit4Provider.executeWithRerun(JUnit4Provider.java:173) [surefire-junit4-2.18.1.jar:2.18.1]
	at org.apache.maven.surefire.junit4.JUnit4Provider.executeTestSet(JUnit4Provider.java:153) [surefire-junit4-2.18.1.jar:2.18.1]
	at org.apache.maven.surefire.junit4.JUnit4Provider.invoke(JUnit4Provider.java:128) [surefire-junit4-2.18.1.jar:2.18.1]
	at org.apache.maven.surefire.booter.ForkedBooter.invokeProviderInSameClassLoader(ForkedBooter.java:203) [surefire-booter-2.18.1.jar:2.18.1]
	at org.apache.maven.surefire.booter.ForkedBooter.runSuitesInProcess(ForkedBooter.java:155) [surefire-booter-2.18.1.jar:2.18.1]
	at org.apache.maven.surefire.booter.ForkedBooter.main(ForkedBooter.java:103) [surefire-booter-2.18.1.jar:2.18.1]
Caused by: org.hibernate.AnnotationException: AttributeConverter and explicit Type cannot be applied to same attribute [org.springframework.cloud.dataflow.registry.domain.AppRegistration.metadataUri];remove @Type or specify @Convert(disableConversion = true)
	at org.hibernate.cfg.annotations.SimpleValueBinder.fillSimpleValue(SimpleValueBinder.java:442) ~[hibernate-core-5.0.12.Final.jar:5.0.12.Final]
	at org.hibernate.cfg.SetSimpleValueTypeSecondPass.doSecondPass(SetSimpleValueTypeSecondPass.java:25) ~[hibernate-core-5.0.12.Final.jar:5.0.12.Final]
	at org.hibernate.boot.internal.InFlightMetadataCollectorImpl.processSecondPasses(InFlightMetadataCollectorImpl.java:1655) ~[hibernate-core-5.0.12.Final.jar:5.0.12.Final]
	at org.hibernate.boot.internal.InFlightMetadataCollectorImpl.processSecondPasses(InFlightMetadataCollectorImpl.java:1613) ~[hibernate-core-5.0.12.Final.jar:5.0.12.Final]
	at org.hibernate.boot.model.process.spi.MetadataBuildingProcess.complete(MetadataBuildingProcess.java:278) ~[hibernate-core-5.0.12.Final.jar:5.0.12.Final]
	at org.hibernate.jpa.boot.internal.EntityManagerFactoryBuilderImpl.metadata(EntityManagerFactoryBuilderImpl.java:847) ~[hibernate-entitymanager-5.0.12.Final.jar:5.0.12.Final]
	at org.hibernate.jpa.boot.internal.EntityManagerFactoryBuilderImpl.build(EntityManagerFactoryBuilderImpl.java:874) ~[hibernate-entitymanager-5.0.12.Final.jar:5.0.12.Final]
	at org.springframework.orm.jpa.vendor.SpringHibernateJpaPersistenceProvider.createContainerEntityManagerFactory(SpringHibernateJpaPersistenceProvider.java:60) ~[spring-orm-4.3.20.RELEASE.jar:4.3.20.RELEASE]
	at org.springframework.orm.jpa.LocalContainerEntityManagerFactoryBean.createNativeEntityManagerFactory(LocalContainerEntityManagerFactoryBean.java:360) ~[spring-orm-4.3.20.RELEASE.jar:4.3.20.RELEASE]
	at org.springframework.orm.jpa.AbstractEntityManagerFactoryBean.buildNativeEntityManagerFactory(AbstractEntityManagerFactoryBean.java:384) ~[spring-orm-4.3.20.RELEASE.jar:4.3.20.RELEASE]
	at org.springframework.orm.jpa.AbstractEntityManagerFactoryBean.afterPropertiesSet(AbstractEntityManagerFactoryBean.java:371) ~[spring-orm-4.3.20.RELEASE.jar:4.3.20.RELEASE]
	at org.springframework.orm.jpa.LocalContainerEntityManagerFactoryBean.afterPropertiesSet(LocalContainerEntityManagerFactoryBean.java:336) ~[spring-orm-4.3.20.RELEASE.jar:4.3.20.RELEASE]
	at org.springframework.beans.factory.support.AbstractAutowireCapableBeanFactory.invokeInitMethods(AbstractAutowireCapableBeanFactory.java:1689) ~[spring-beans-4.3.20.RELEASE.jar:4.3.20.RELEASE]
	at org.springframework.beans.factory.support.AbstractAutowireCapableBeanFactory.initializeBean(AbstractAutowireCapableBeanFactory.java:1627) ~[spring-beans-4.3.20.RELEASE.jar:4.3.20.RELEASE]
	... 41 common frames omitted

2019-04-10 18:14:30.627 ERROR 21705 --- [           main] o.s.test.context.TestContextManager      : Caught exception while allowing TestExecutionListener [org.springframework.test.context.web.ServletTestExecutionListener@72f926e6] to prepare test instance [com.scdfdemo.scdfdemo.ScdfdemoApplicationTests@13662609]

java.lang.IllegalStateException: Failed to load ApplicationContext
	at org.springframework.test.context.cache.DefaultCacheAwareContextLoaderDelegate.loadContext(DefaultCacheAwareContextLoaderDelegate.java:124) ~[spring-test-4.3.20.RELEASE.jar:4.3.20.RELEASE]
	at org.springframework.test.context.support.DefaultTestContext.getApplicationContext(DefaultTestContext.java:83) ~[spring-test-4.3.20.RELEASE.jar:4.3.20.RELEASE]
	at org.springframework.test.context.web.ServletTestExecutionListener.setUpRequestContextIfNecessary(ServletTestExecutionListener.java:189) ~[spring-test-4.3.20.RELEASE.jar:4.3.20.RELEASE]
	at org.springframework.test.context.web.ServletTestExecutionListener.prepareTestInstance(ServletTestExecutionListener.java:131) ~[spring-test-4.3.20.RELEASE.jar:4.3.20.RELEASE]
	at org.springframework.test.context.TestContextManager.prepareTestInstance(TestContextManager.java:230) ~[spring-test-4.3.20.RELEASE.jar:4.3.20.RELEASE]
	at org.springframework.test.context.junit4.SpringJUnit4ClassRunner.createTest(SpringJUnit4ClassRunner.java:228) [spring-test-4.3.20.RELEASE.jar:4.3.20.RELEASE]
	at org.springframework.test.context.junit4.SpringJUnit4ClassRunner$1.runReflectiveCall(SpringJUnit4ClassRunner.java:287) [spring-test-4.3.20.RELEASE.jar:4.3.20.RELEASE]
	at org.junit.internal.runners.model.ReflectiveCallable.run(ReflectiveCallable.java:12) [junit-4.12.jar:4.12]
	at org.springframework.test.context.junit4.SpringJUnit4ClassRunner.methodBlock(SpringJUnit4ClassRunner.java:289) [spring-test-4.3.20.RELEASE.jar:4.3.20.RELEASE]
	at org.springframework.test.context.junit4.SpringJUnit4ClassRunner.runChild(SpringJUnit4ClassRunner.java:247) [spring-test-4.3.20.RELEASE.jar:4.3.20.RELEASE]
	at org.springframework.test.context.junit4.SpringJUnit4ClassRunner.runChild(SpringJUnit4ClassRunner.java:94) [spring-test-4.3.20.RELEASE.jar:4.3.20.RELEASE]
	at org.junit.runners.ParentRunner$3.run(ParentRunner.java:290) [junit-4.12.jar:4.12]
	at org.junit.runners.ParentRunner$1.schedule(ParentRunner.java:71) [junit-4.12.jar:4.12]
	at org.junit.runners.ParentRunner.runChildren(ParentRunner.java:288) [junit-4.12.jar:4.12]
	at org.junit.runners.ParentRunner.access$000(ParentRunner.java:58) [junit-4.12.jar:4.12]
	at org.junit.runners.ParentRunner$2.evaluate(ParentRunner.java:268) [junit-4.12.jar:4.12]
	at org.springframework.test.context.junit4.statements.RunBeforeTestClassCallbacks.evaluate(RunBeforeTestClassCallbacks.java:61) [spring-test-4.3.20.RELEASE.jar:4.3.20.RELEASE]
	at org.springframework.test.context.junit4.statements.RunAfterTestClassCallbacks.evaluate(RunAfterTestClassCallbacks.java:70) [spring-test-4.3.20.RELEASE.jar:4.3.20.RELEASE]
	at org.junit.runners.ParentRunner.run(ParentRunner.java:363) [junit-4.12.jar:4.12]
	at org.springframework.test.context.junit4.SpringJUnit4ClassRunner.run(SpringJUnit4ClassRunner.java:191) [spring-test-4.3.20.RELEASE.jar:4.3.20.RELEASE]
	at org.apache.maven.surefire.junit4.JUnit4Provider.execute(JUnit4Provider.java:283) [surefire-junit4-2.18.1.jar:2.18.1]
	at org.apache.maven.surefire.junit4.JUnit4Provider.executeWithRerun(JUnit4Provider.java:173) [surefire-junit4-2.18.1.jar:2.18.1]
	at org.apache.maven.surefire.junit4.JUnit4Provider.executeTestSet(JUnit4Provider.java:153) [surefire-junit4-2.18.1.jar:2.18.1]
	at org.apache.maven.surefire.junit4.JUnit4Provider.invoke(JUnit4Provider.java:128) [surefire-junit4-2.18.1.jar:2.18.1]
	at org.apache.maven.surefire.booter.ForkedBooter.invokeProviderInSameClassLoader(ForkedBooter.java:203) [surefire-booter-2.18.1.jar:2.18.1]
	at org.apache.maven.surefire.booter.ForkedBooter.runSuitesInProcess(ForkedBooter.java:155) [surefire-booter-2.18.1.jar:2.18.1]
	at org.apache.maven.surefire.booter.ForkedBooter.main(ForkedBooter.java:103) [surefire-booter-2.18.1.jar:2.18.1]
Caused by: org.springframework.beans.factory.BeanCreationException: Error creating bean with name 'entityManagerFactory' defined in class path resource [org/springframework/boot/autoconfigure/orm/jpa/HibernateJpaAutoConfiguration.class]: Invocation of init method failed; nested exception is org.hibernate.AnnotationException: AttributeConverter and explicit Type cannot be applied to same attribute [org.springframework.cloud.dataflow.registry.domain.AppRegistration.metadataUri];remove @Type or specify @Convert(disableConversion = true)
	at org.springframework.beans.factory.support.AbstractAutowireCapableBeanFactory.initializeBean(AbstractAutowireCapableBeanFactory.java:1631) ~[spring-beans-4.3.20.RELEASE.jar:4.3.20.RELEASE]
	at org.springframework.beans.factory.support.AbstractAutowireCapableBeanFactory.doCreateBean(AbstractAutowireCapableBeanFactory.java:553) ~[spring-beans-4.3.20.RELEASE.jar:4.3.20.RELEASE]
	at org.springframework.beans.factory.support.AbstractAutowireCapableBeanFactory.createBean(AbstractAutowireCapableBeanFactory.java:481) ~[spring-beans-4.3.20.RELEASE.jar:4.3.20.RELEASE]
	at org.springframework.beans.factory.support.AbstractBeanFactory$1.getObject(AbstractBeanFactory.java:312) ~[spring-beans-4.3.20.RELEASE.jar:4.3.20.RELEASE]
	at org.springframework.beans.factory.support.DefaultSingletonBeanRegistry.getSingleton(DefaultSingletonBeanRegistry.java:230) ~[spring-beans-4.3.20.RELEASE.jar:4.3.20.RELEASE]
	at org.springframework.beans.factory.support.AbstractBeanFactory.doGetBean(AbstractBeanFactory.java:308) ~[spring-beans-4.3.20.RELEASE.jar:4.3.20.RELEASE]
	at org.springframework.beans.factory.support.AbstractBeanFactory.getBean(AbstractBeanFactory.java:197) ~[spring-beans-4.3.20.RELEASE.jar:4.3.20.RELEASE]
	at org.springframework.context.support.AbstractApplicationContext.getBean(AbstractApplicationContext.java:1080) ~[spring-context-4.3.20.RELEASE.jar:4.3.20.RELEASE]
	at org.springframework.context.support.AbstractApplicationContext.finishBeanFactoryInitialization(AbstractApplicationContext.java:857) ~[spring-context-4.3.20.RELEASE.jar:4.3.20.RELEASE]
	at org.springframework.context.support.AbstractApplicationContext.refresh(AbstractApplicationContext.java:543) ~[spring-context-4.3.20.RELEASE.jar:4.3.20.RELEASE]
	at org.springframework.boot.SpringApplication.refresh(SpringApplication.java:693) ~[spring-boot-1.5.17.RELEASE.jar:1.5.17.RELEASE]
	at org.springframework.boot.SpringApplication.refreshContext(SpringApplication.java:360) ~[spring-boot-1.5.17.RELEASE.jar:1.5.17.RELEASE]
	at org.springframework.boot.SpringApplication.run(SpringApplication.java:303) ~[spring-boot-1.5.17.RELEASE.jar:1.5.17.RELEASE]
	at org.springframework.boot.test.context.SpringBootContextLoader.loadContext(SpringBootContextLoader.java:121) ~[spring-boot-test-1.5.17.RELEASE.jar:1.5.17.RELEASE]
	at org.springframework.test.context.cache.DefaultCacheAwareContextLoaderDelegate.loadContextInternal(DefaultCacheAwareContextLoaderDelegate.java:98) ~[spring-test-4.3.20.RELEASE.jar:4.3.20.RELEASE]
	at org.springframework.test.context.cache.DefaultCacheAwareContextLoaderDelegate.loadContext(DefaultCacheAwareContextLoaderDelegate.java:116) ~[spring-test-4.3.20.RELEASE.jar:4.3.20.RELEASE]
	... 26 common frames omitted
Caused by: org.hibernate.AnnotationException: AttributeConverter and explicit Type cannot be applied to same attribute [org.springframework.cloud.dataflow.registry.domain.AppRegistration.metadataUri];remove @Type or specify @Convert(disableConversion = true)
	at org.hibernate.cfg.annotations.SimpleValueBinder.fillSimpleValue(SimpleValueBinder.java:442) ~[hibernate-core-5.0.12.Final.jar:5.0.12.Final]
	at org.hibernate.cfg.SetSimpleValueTypeSecondPass.doSecondPass(SetSimpleValueTypeSecondPass.java:25) ~[hibernate-core-5.0.12.Final.jar:5.0.12.Final]
	at org.hibernate.boot.internal.InFlightMetadataCollectorImpl.processSecondPasses(InFlightMetadataCollectorImpl.java:1655) ~[hibernate-core-5.0.12.Final.jar:5.0.12.Final]
	at org.hibernate.boot.internal.InFlightMetadataCollectorImpl.processSecondPasses(InFlightMetadataCollectorImpl.java:1613) ~[hibernate-core-5.0.12.Final.jar:5.0.12.Final]
	at org.hibernate.boot.model.process.spi.MetadataBuildingProcess.complete(MetadataBuildingProcess.java:278) ~[hibernate-core-5.0.12.Final.jar:5.0.12.Final]
	at org.hibernate.jpa.boot.internal.EntityManagerFactoryBuilderImpl.metadata(EntityManagerFactoryBuilderImpl.java:847) ~[hibernate-entitymanager-5.0.12.Final.jar:5.0.12.Final]
	at org.hibernate.jpa.boot.internal.EntityManagerFactoryBuilderImpl.build(EntityManagerFactoryBuilderImpl.java:874) ~[hibernate-entitymanager-5.0.12.Final.jar:5.0.12.Final]
	at org.springframework.orm.jpa.vendor.SpringHibernateJpaPersistenceProvider.createContainerEntityManagerFactory(SpringHibernateJpaPersistenceProvider.java:60) ~[spring-orm-4.3.20.RELEASE.jar:4.3.20.RELEASE]
	at org.springframework.orm.jpa.LocalContainerEntityManagerFactoryBean.createNativeEntityManagerFactory(LocalContainerEntityManagerFactoryBean.java:360) ~[spring-orm-4.3.20.RELEASE.jar:4.3.20.RELEASE]
	at org.springframework.orm.jpa.AbstractEntityManagerFactoryBean.buildNativeEntityManagerFactory(AbstractEntityManagerFactoryBean.java:384) ~[spring-orm-4.3.20.RELEASE.jar:4.3.20.RELEASE]
	at org.springframework.orm.jpa.AbstractEntityManagerFactoryBean.afterPropertiesSet(AbstractEntityManagerFactoryBean.java:371) ~[spring-orm-4.3.20.RELEASE.jar:4.3.20.RELEASE]
	at org.springframework.orm.jpa.LocalContainerEntityManagerFactoryBean.afterPropertiesSet(LocalContainerEntityManagerFactoryBean.java:336) ~[spring-orm-4.3.20.RELEASE.jar:4.3.20.RELEASE]
	at org.springframework.beans.factory.support.AbstractAutowireCapableBeanFactory.invokeInitMethods(AbstractAutowireCapableBeanFactory.java:1689) ~[spring-beans-4.3.20.RELEASE.jar:4.3.20.RELEASE]
	at org.springframework.beans.factory.support.AbstractAutowireCapableBeanFactory.initializeBean(AbstractAutowireCapableBeanFactory.java:1627) ~[spring-beans-4.3.20.RELEASE.jar:4.3.20.RELEASE]
	... 41 common frames omitted

]]></system-out>
  </testcase>
</testsuite>